[1.057s] Invoking command in '/home/kenan/practice1_ws/src/py_pysub': PYTHONPATH=/home/kenan/practice1_ws/install/py_pysub/lib/python3.8/site-packages:${PYTHONPATH} /usr/bin/python3 setup.py egg_info --egg-base ../../build/py_pysub build --build-base /home/kenan/practice1_ws/build/py_pysub/build install --prefix /home/kenan/practice1_ws/install/py_pysub --record /home/kenan/practice1_ws/build/py_pysub/install.log --single-version-externally-managed
[1.279s] running egg_info
[1.280s] writing ../../build/py_pysub/py_pysub.egg-info/PKG-INFO
[1.280s] writing dependency_links to ../../build/py_pysub/py_pysub.egg-info/dependency_links.txt
[1.280s] writing entry points to ../../build/py_pysub/py_pysub.egg-info/entry_points.txt
[1.281s] writing requirements to ../../build/py_pysub/py_pysub.egg-info/requires.txt
[1.281s] writing top-level names to ../../build/py_pysub/py_pysub.egg-info/top_level.txt
[1.334s] reading manifest file '../../build/py_pysub/py_pysub.egg-info/SOURCES.txt'
[1.334s] writing manifest file '../../build/py_pysub/py_pysub.egg-info/SOURCES.txt'
[1.335s] running build
[1.335s] running build_py
[1.335s] copying py_pysub/publisher_member_function.py -> /home/kenan/practice1_ws/build/py_pysub/build/lib/py_pysub
[1.335s] running install
[1.335s] running install_lib
[1.336s] copying /home/kenan/practice1_ws/build/py_pysub/build/lib/py_pysub/publisher_member_function.py -> /home/kenan/practice1_ws/install/py_pysub/lib/python3.8/site-packages/py_pysub
[1.337s] byte-compiling /home/kenan/practice1_ws/install/py_pysub/lib/python3.8/site-packages/py_pysub/publisher_member_function.py to publisher_member_function.cpython-38.pyc
[1.338s] running install_data
[1.339s] running install_egg_info
[1.340s] removing '/home/kenan/practice1_ws/install/py_pysub/lib/python3.8/site-packages/py_pysub-0.0.0-py3.8.egg-info' (and everything under it)
[1.340s] Copying ../../build/py_pysub/py_pysub.egg-info to /home/kenan/practice1_ws/install/py_pysub/lib/python3.8/site-packages/py_pysub-0.0.0-py3.8.egg-info
[1.341s] running install_scripts
[1.355s] Installing listener script to /home/kenan/practice1_ws/install/py_pysub/lib/py_pysub
[1.355s] Installing talker script to /home/kenan/practice1_ws/install/py_pysub/lib/py_pysub
[1.355s] writing list of installed files to '/home/kenan/practice1_ws/build/py_pysub/install.log'
[1.371s] Invoked command in '/home/kenan/practice1_ws/src/py_pysub' returned '0': PYTHONPATH=/home/kenan/practice1_ws/install/py_pysub/lib/python3.8/site-packages:${PYTHONPATH} /usr/bin/python3 setup.py egg_info --egg-base ../../build/py_pysub build --build-base /home/kenan/practice1_ws/build/py_pysub/build install --prefix /home/kenan/practice1_ws/install/py_pysub --record /home/kenan/practice1_ws/build/py_pysub/install.log --single-version-externally-managed
