/home/kenan/practice1_ws/install/py_pysub/lib/python3.8/site-packages/py_pysub/__init__.py
/home/kenan/practice1_ws/install/py_pysub/lib/python3.8/site-packages/py_pysub/publisher_member_function.py
/home/kenan/practice1_ws/install/py_pysub/lib/python3.8/site-packages/py_pysub/commander.py
/home/kenan/practice1_ws/install/py_pysub/lib/python3.8/site-packages/py_pysub/subscriber_member_function.py
/home/kenan/practice1_ws/install/py_pysub/lib/python3.8/site-packages/py_pysub/__pycache__/__init__.cpython-38.pyc
/home/kenan/practice1_ws/install/py_pysub/lib/python3.8/site-packages/py_pysub/__pycache__/publisher_member_function.cpython-38.pyc
/home/kenan/practice1_ws/install/py_pysub/lib/python3.8/site-packages/py_pysub/__pycache__/commander.cpython-38.pyc
/home/kenan/practice1_ws/install/py_pysub/lib/python3.8/site-packages/py_pysub/__pycache__/subscriber_member_function.cpython-38.pyc
/home/kenan/practice1_ws/install/py_pysub/share/ament_index/resource_index/packages/py_pysub
/home/kenan/practice1_ws/install/py_pysub/share/py_pysub/package.xml
/home/kenan/practice1_ws/install/py_pysub/lib/python3.8/site-packages/py_pysub-0.0.0-py3.8.egg-info/dependency_links.txt
/home/kenan/practice1_ws/install/py_pysub/lib/python3.8/site-packages/py_pysub-0.0.0-py3.8.egg-info/SOURCES.txt
/home/kenan/practice1_ws/install/py_pysub/lib/python3.8/site-packages/py_pysub-0.0.0-py3.8.egg-info/entry_points.txt
/home/kenan/practice1_ws/install/py_pysub/lib/python3.8/site-packages/py_pysub-0.0.0-py3.8.egg-info/top_level.txt
/home/kenan/practice1_ws/install/py_pysub/lib/python3.8/site-packages/py_pysub-0.0.0-py3.8.egg-info/zip-safe
/home/kenan/practice1_ws/install/py_pysub/lib/python3.8/site-packages/py_pysub-0.0.0-py3.8.egg-info/requires.txt
/home/kenan/practice1_ws/install/py_pysub/lib/python3.8/site-packages/py_pysub-0.0.0-py3.8.egg-info/PKG-INFO
/home/kenan/practice1_ws/install/py_pysub/lib/py_pysub/commander
/home/kenan/practice1_ws/install/py_pysub/lib/py_pysub/listener
/home/kenan/practice1_ws/install/py_pysub/lib/py_pysub/talker
