running egg_info
creating ../../build/publisher_python/publisher_python.egg-info
writing ../../build/publisher_python/publisher_python.egg-info/PKG-INFO
writing dependency_links to ../../build/publisher_python/publisher_python.egg-info/dependency_links.txt
writing entry points to ../../build/publisher_python/publisher_python.egg-info/entry_points.txt
writing requirements to ../../build/publisher_python/publisher_python.egg-info/requires.txt
writing top-level names to ../../build/publisher_python/publisher_python.egg-info/top_level.txt
writing manifest file '../../build/publisher_python/publisher_python.egg-info/SOURCES.txt'
reading manifest file '../../build/publisher_python/publisher_python.egg-info/SOURCES.txt'
writing manifest file '../../build/publisher_python/publisher_python.egg-info/SOURCES.txt'
running build
running build_py
creating /home/kenan/practice1_ws/build/publisher_python/build
creating /home/kenan/practice1_ws/build/publisher_python/build/lib
creating /home/kenan/practice1_ws/build/publisher_python/build/lib/publisher-python
copying publisher-python/__init__.py -> /home/kenan/practice1_ws/build/publisher_python/build/lib/publisher-python
copying publisher-python/subscriber.py -> /home/kenan/practice1_ws/build/publisher_python/build/lib/publisher-python
copying publisher-python/publisher.py -> /home/kenan/practice1_ws/build/publisher_python/build/lib/publisher-python
running install
running install_lib
creating /home/kenan/practice1_ws/install/publisher_python/lib/python3.8/site-packages/publisher-python
copying /home/kenan/practice1_ws/build/publisher_python/build/lib/publisher-python/__init__.py -> /home/kenan/practice1_ws/install/publisher_python/lib/python3.8/site-packages/publisher-python
copying /home/kenan/practice1_ws/build/publisher_python/build/lib/publisher-python/subscriber.py -> /home/kenan/practice1_ws/install/publisher_python/lib/python3.8/site-packages/publisher-python
copying /home/kenan/practice1_ws/build/publisher_python/build/lib/publisher-python/publisher.py -> /home/kenan/practice1_ws/install/publisher_python/lib/python3.8/site-packages/publisher-python
byte-compiling /home/kenan/practice1_ws/install/publisher_python/lib/python3.8/site-packages/publisher-python/__init__.py to __init__.cpython-38.pyc
byte-compiling /home/kenan/practice1_ws/install/publisher_python/lib/python3.8/site-packages/publisher-python/subscriber.py to subscriber.cpython-38.pyc
byte-compiling /home/kenan/practice1_ws/install/publisher_python/lib/python3.8/site-packages/publisher-python/publisher.py to publisher.cpython-38.pyc
running install_data
copying resource/publisher-python -> /home/kenan/practice1_ws/install/publisher_python/share/ament_index/resource_index/packages
creating /home/kenan/practice1_ws/install/publisher_python/share/publisher-python
copying package.xml -> /home/kenan/practice1_ws/install/publisher_python/share/publisher-python
running install_egg_info
Copying ../../build/publisher_python/publisher_python.egg-info to /home/kenan/practice1_ws/install/publisher_python/lib/python3.8/site-packages/publisher_python-0.0.0-py3.8.egg-info
running install_scripts
Installing listener script to /home/kenan/practice1_ws/install/publisher_python/lib/publisher-python
Installing talker script to /home/kenan/practice1_ws/install/publisher_python/lib/publisher-python
writing list of installed files to '/home/kenan/practice1_ws/build/publisher_python/install.log'
