[0.499s] Invoking command in '/home/kenan/practice1_ws/src/publisher-python': PYTHONPATH=/home/kenan/practice1_ws/install/publisher_python/lib/python3.8/site-packages:${PYTHONPATH} /usr/bin/python3 setup.py egg_info --egg-base ../../build/publisher_python build --build-base /home/kenan/practice1_ws/build/publisher_python/build install --prefix /home/kenan/practice1_ws/install/publisher_python --record /home/kenan/practice1_ws/build/publisher_python/install.log --single-version-externally-managed
[0.674s] running egg_info
[0.675s] creating ../../build/publisher_python/publisher_python.egg-info
[0.675s] writing ../../build/publisher_python/publisher_python.egg-info/PKG-INFO
[0.675s] writing dependency_links to ../../build/publisher_python/publisher_python.egg-info/dependency_links.txt
[0.675s] writing entry points to ../../build/publisher_python/publisher_python.egg-info/entry_points.txt
[0.676s] writing requirements to ../../build/publisher_python/publisher_python.egg-info/requires.txt
[0.676s] writing top-level names to ../../build/publisher_python/publisher_python.egg-info/top_level.txt
[0.676s] writing manifest file '../../build/publisher_python/publisher_python.egg-info/SOURCES.txt'
[0.703s] reading manifest file '../../build/publisher_python/publisher_python.egg-info/SOURCES.txt'
[0.704s] writing manifest file '../../build/publisher_python/publisher_python.egg-info/SOURCES.txt'
[0.704s] running build
[0.704s] running build_py
[0.704s] creating /home/kenan/practice1_ws/build/publisher_python/build
[0.704s] creating /home/kenan/practice1_ws/build/publisher_python/build/lib
[0.704s] creating /home/kenan/practice1_ws/build/publisher_python/build/lib/publisher-python
[0.704s] copying publisher-python/__init__.py -> /home/kenan/practice1_ws/build/publisher_python/build/lib/publisher-python
[0.704s] copying publisher-python/subscriber.py -> /home/kenan/practice1_ws/build/publisher_python/build/lib/publisher-python
[0.705s] copying publisher-python/publisher.py -> /home/kenan/practice1_ws/build/publisher_python/build/lib/publisher-python
[0.705s] running install
[0.705s] running install_lib
[0.706s] creating /home/kenan/practice1_ws/install/publisher_python/lib/python3.8/site-packages/publisher-python
[0.706s] copying /home/kenan/practice1_ws/build/publisher_python/build/lib/publisher-python/__init__.py -> /home/kenan/practice1_ws/install/publisher_python/lib/python3.8/site-packages/publisher-python
[0.706s] copying /home/kenan/practice1_ws/build/publisher_python/build/lib/publisher-python/subscriber.py -> /home/kenan/practice1_ws/install/publisher_python/lib/python3.8/site-packages/publisher-python
[0.706s] copying /home/kenan/practice1_ws/build/publisher_python/build/lib/publisher-python/publisher.py -> /home/kenan/practice1_ws/install/publisher_python/lib/python3.8/site-packages/publisher-python
[0.706s] byte-compiling /home/kenan/practice1_ws/install/publisher_python/lib/python3.8/site-packages/publisher-python/__init__.py to __init__.cpython-38.pyc
[0.707s] byte-compiling /home/kenan/practice1_ws/install/publisher_python/lib/python3.8/site-packages/publisher-python/subscriber.py to subscriber.cpython-38.pyc
[0.708s] byte-compiling /home/kenan/practice1_ws/install/publisher_python/lib/python3.8/site-packages/publisher-python/publisher.py to publisher.cpython-38.pyc
[0.708s] running install_data
[0.709s] copying resource/publisher-python -> /home/kenan/practice1_ws/install/publisher_python/share/ament_index/resource_index/packages
[0.709s] creating /home/kenan/practice1_ws/install/publisher_python/share/publisher-python
[0.709s] copying package.xml -> /home/kenan/practice1_ws/install/publisher_python/share/publisher-python
[0.709s] running install_egg_info
[0.710s] Copying ../../build/publisher_python/publisher_python.egg-info to /home/kenan/practice1_ws/install/publisher_python/lib/python3.8/site-packages/publisher_python-0.0.0-py3.8.egg-info
[0.711s] running install_scripts
[0.724s] Installing listener script to /home/kenan/practice1_ws/install/publisher_python/lib/publisher-python
[0.724s] Installing talker script to /home/kenan/practice1_ws/install/publisher_python/lib/publisher-python
[0.725s] writing list of installed files to '/home/kenan/practice1_ws/build/publisher_python/install.log'
[0.741s] Invoked command in '/home/kenan/practice1_ws/src/publisher-python' returned '0': PYTHONPATH=/home/kenan/practice1_ws/install/publisher_python/lib/python3.8/site-packages:${PYTHONPATH} /usr/bin/python3 setup.py egg_info --egg-base ../../build/publisher_python build --build-base /home/kenan/practice1_ws/build/publisher_python/build install --prefix /home/kenan/practice1_ws/install/publisher_python --record /home/kenan/practice1_ws/build/publisher_python/install.log --single-version-externally-managed
