running egg_info
creating ../../build/robov/robov.egg-info
writing ../../build/robov/robov.egg-info/PKG-INFO
writing dependency_links to ../../build/robov/robov.egg-info/dependency_links.txt
writing entry points to ../../build/robov/robov.egg-info/entry_points.txt
writing requirements to ../../build/robov/robov.egg-info/requires.txt
writing top-level names to ../../build/robov/robov.egg-info/top_level.txt
writing manifest file '../../build/robov/robov.egg-info/SOURCES.txt'
reading manifest file '../../build/robov/robov.egg-info/SOURCES.txt'
writing manifest file '../../build/robov/robov.egg-info/SOURCES.txt'
running build
running build_py
creating /home/kenan/robovolc/robovolc/build/robov/build
creating /home/kenan/robovolc/robovolc/build/robov/build/lib
creating /home/kenan/robovolc/robovolc/build/robov/build/lib/robov
copying robov/__init__.py -> /home/kenan/robovolc/robovolc/build/robov/build/lib/robov
copying robov/publisher_member_function.py -> /home/kenan/robovolc/robovolc/build/robov/build/lib/robov
copying robov/commander.py -> /home/kenan/robovolc/robovolc/build/robov/build/lib/robov
copying robov/subscriber_member_function.py -> /home/kenan/robovolc/robovolc/build/robov/build/lib/robov
running install
running install_lib
creating /home/kenan/robovolc/robovolc/install/robov/lib/python3.8/site-packages/robov
copying /home/kenan/robovolc/robovolc/build/robov/build/lib/robov/__init__.py -> /home/kenan/robovolc/robovolc/install/robov/lib/python3.8/site-packages/robov
copying /home/kenan/robovolc/robovolc/build/robov/build/lib/robov/publisher_member_function.py -> /home/kenan/robovolc/robovolc/install/robov/lib/python3.8/site-packages/robov
copying /home/kenan/robovolc/robovolc/build/robov/build/lib/robov/commander.py -> /home/kenan/robovolc/robovolc/install/robov/lib/python3.8/site-packages/robov
copying /home/kenan/robovolc/robovolc/build/robov/build/lib/robov/subscriber_member_function.py -> /home/kenan/robovolc/robovolc/install/robov/lib/python3.8/site-packages/robov
byte-compiling /home/kenan/robovolc/robovolc/install/robov/lib/python3.8/site-packages/robov/__init__.py to __init__.cpython-38.pyc
byte-compiling /home/kenan/robovolc/robovolc/install/robov/lib/python3.8/site-packages/robov/publisher_member_function.py to publisher_member_function.cpython-38.pyc
byte-compiling /home/kenan/robovolc/robovolc/install/robov/lib/python3.8/site-packages/robov/commander.py to commander.cpython-38.pyc
byte-compiling /home/kenan/robovolc/robovolc/install/robov/lib/python3.8/site-packages/robov/subscriber_member_function.py to subscriber_member_function.cpython-38.pyc
running install_data
creating /home/kenan/robovolc/robovolc/install/robov/share/ament_index
creating /home/kenan/robovolc/robovolc/install/robov/share/ament_index/resource_index
creating /home/kenan/robovolc/robovolc/install/robov/share/ament_index/resource_index/packages
copying resource/robov -> /home/kenan/robovolc/robovolc/install/robov/share/ament_index/resource_index/packages
copying package.xml -> /home/kenan/robovolc/robovolc/install/robov/share/robov
running install_egg_info
Copying ../../build/robov/robov.egg-info to /home/kenan/robovolc/robovolc/install/robov/lib/python3.8/site-packages/robov-0.0.0-py3.8.egg-info
running install_scripts
Installing commander script to /home/kenan/robovolc/robovolc/install/robov/lib/robov
Installing listener script to /home/kenan/robovolc/robovolc/install/robov/lib/robov
Installing talker script to /home/kenan/robovolc/robovolc/install/robov/lib/robov
writing list of installed files to '/home/kenan/robovolc/robovolc/build/robov/install.log'
