[0.595s] Invoking command in '/media/kenan/kenan-acads/thesis/robot-alignment-thesis/ros2_ws/robovolc_ws/src/robov': PYTHONPATH=/media/kenan/kenan-acads/thesis/robot-alignment-thesis/install/robov/lib/python3.8/site-packages:${PYTHONPATH} /usr/bin/python3 setup.py egg_info --egg-base ../../../../build/robov build --build-base /media/kenan/kenan-acads/thesis/robot-alignment-thesis/build/robov/build install --prefix /media/kenan/kenan-acads/thesis/robot-alignment-thesis/install/robov --record /media/kenan/kenan-acads/thesis/robot-alignment-thesis/build/robov/install.log --single-version-externally-managed
[0.802s] running egg_info
[0.803s] writing ../../../../build/robov/robov.egg-info/PKG-INFO
[0.803s] writing dependency_links to ../../../../build/robov/robov.egg-info/dependency_links.txt
[0.804s] writing entry points to ../../../../build/robov/robov.egg-info/entry_points.txt
[0.804s] writing requirements to ../../../../build/robov/robov.egg-info/requires.txt
[0.804s] writing top-level names to ../../../../build/robov/robov.egg-info/top_level.txt
[0.835s] reading manifest file '../../../../build/robov/robov.egg-info/SOURCES.txt'
[0.837s] writing manifest file '../../../../build/robov/robov.egg-info/SOURCES.txt'
[0.837s] running build
[0.837s] running build_py
[0.839s] running install
[0.840s] running install_lib
[0.844s] running install_data
[0.845s] running install_egg_info
[0.846s] removing '/media/kenan/kenan-acads/thesis/robot-alignment-thesis/install/robov/lib/python3.8/site-packages/robov-0.0.0-py3.8.egg-info' (and everything under it)
[0.848s] Copying ../../../../build/robov/robov.egg-info to /media/kenan/kenan-acads/thesis/robot-alignment-thesis/install/robov/lib/python3.8/site-packages/robov-0.0.0-py3.8.egg-info
[0.853s] running install_scripts
[0.869s] Installing commander script to /media/kenan/kenan-acads/thesis/robot-alignment-thesis/install/robov/lib/robov
[0.869s] Installing listener script to /media/kenan/kenan-acads/thesis/robot-alignment-thesis/install/robov/lib/robov
[0.870s] Installing talker script to /media/kenan/kenan-acads/thesis/robot-alignment-thesis/install/robov/lib/robov
[0.870s] writing list of installed files to '/media/kenan/kenan-acads/thesis/robot-alignment-thesis/build/robov/install.log'
[0.886s] Invoked command in '/media/kenan/kenan-acads/thesis/robot-alignment-thesis/ros2_ws/robovolc_ws/src/robov' returned '0': PYTHONPATH=/media/kenan/kenan-acads/thesis/robot-alignment-thesis/install/robov/lib/python3.8/site-packages:${PYTHONPATH} /usr/bin/python3 setup.py egg_info --egg-base ../../../../build/robov build --build-base /media/kenan/kenan-acads/thesis/robot-alignment-thesis/build/robov/build install --prefix /media/kenan/kenan-acads/thesis/robot-alignment-thesis/install/robov --record /media/kenan/kenan-acads/thesis/robot-alignment-thesis/build/robov/install.log --single-version-externally-managed
