[0.742s] Invoking command in '/media/kenan/kenan-acads/thesis/robot-alignment-thesis/ros2_ws/practice_ws/src/py_pysub': PYTHONPATH=/media/kenan/kenan-acads/thesis/robot-alignment-thesis/install/py_pysub/lib/python3.8/site-packages:${PYTHONPATH} /usr/bin/python3 setup.py egg_info --egg-base ../../../../build/py_pysub build --build-base /media/kenan/kenan-acads/thesis/robot-alignment-thesis/build/py_pysub/build install --prefix /media/kenan/kenan-acads/thesis/robot-alignment-thesis/install/py_pysub --record /media/kenan/kenan-acads/thesis/robot-alignment-thesis/build/py_pysub/install.log --single-version-externally-managed
[0.988s] running egg_info
[0.988s] writing ../../../../build/py_pysub/py_pysub.egg-info/PKG-INFO
[0.989s] writing dependency_links to ../../../../build/py_pysub/py_pysub.egg-info/dependency_links.txt
[0.989s] writing entry points to ../../../../build/py_pysub/py_pysub.egg-info/entry_points.txt
[0.990s] writing requirements to ../../../../build/py_pysub/py_pysub.egg-info/requires.txt
[0.990s] writing top-level names to ../../../../build/py_pysub/py_pysub.egg-info/top_level.txt
[1.027s] reading manifest file '../../../../build/py_pysub/py_pysub.egg-info/SOURCES.txt'
[1.032s] writing manifest file '../../../../build/py_pysub/py_pysub.egg-info/SOURCES.txt'
[1.033s] running build
[1.033s] running build_py
[1.036s] running install
[1.037s] running install_lib
[1.045s] running install_data
[1.048s] running install_egg_info
[1.051s] removing '/media/kenan/kenan-acads/thesis/robot-alignment-thesis/install/py_pysub/lib/python3.8/site-packages/py_pysub-0.0.0-py3.8.egg-info' (and everything under it)
[1.054s] Copying ../../../../build/py_pysub/py_pysub.egg-info to /media/kenan/kenan-acads/thesis/robot-alignment-thesis/install/py_pysub/lib/python3.8/site-packages/py_pysub-0.0.0-py3.8.egg-info
[1.067s] running install_scripts
[1.086s] Installing commander script to /media/kenan/kenan-acads/thesis/robot-alignment-thesis/install/py_pysub/lib/py_pysub
[1.088s] Installing listener script to /media/kenan/kenan-acads/thesis/robot-alignment-thesis/install/py_pysub/lib/py_pysub
[1.088s] Installing talker script to /media/kenan/kenan-acads/thesis/robot-alignment-thesis/install/py_pysub/lib/py_pysub
[1.088s] writing list of installed files to '/media/kenan/kenan-acads/thesis/robot-alignment-thesis/build/py_pysub/install.log'
[1.122s] Invoked command in '/media/kenan/kenan-acads/thesis/robot-alignment-thesis/ros2_ws/practice_ws/src/py_pysub' returned '0': PYTHONPATH=/media/kenan/kenan-acads/thesis/robot-alignment-thesis/install/py_pysub/lib/python3.8/site-packages:${PYTHONPATH} /usr/bin/python3 setup.py egg_info --egg-base ../../../../build/py_pysub build --build-base /media/kenan/kenan-acads/thesis/robot-alignment-thesis/build/py_pysub/build install --prefix /media/kenan/kenan-acads/thesis/robot-alignment-thesis/install/py_pysub --record /media/kenan/kenan-acads/thesis/robot-alignment-thesis/build/py_pysub/install.log --single-version-externally-managed
