[0.612s] Invoking command in '/media/kenan/kenan-acads/thesis/robot-alignment-thesis/ros2_ws/practice_ws/src/publisher_python': PYTHONPATH=/media/kenan/kenan-acads/thesis/robot-alignment-thesis/install/publisher_python/lib/python3.8/site-packages:${PYTHONPATH} /usr/bin/python3 setup.py egg_info --egg-base ../../../../build/publisher_python build --build-base /media/kenan/kenan-acads/thesis/robot-alignment-thesis/build/publisher_python/build install --prefix /media/kenan/kenan-acads/thesis/robot-alignment-thesis/install/publisher_python --record /media/kenan/kenan-acads/thesis/robot-alignment-thesis/build/publisher_python/install.log --single-version-externally-managed
[0.826s] running egg_info
[0.827s] writing ../../../../build/publisher_python/publisher_python.egg-info/PKG-INFO
[0.827s] writing dependency_links to ../../../../build/publisher_python/publisher_python.egg-info/dependency_links.txt
[0.828s] writing entry points to ../../../../build/publisher_python/publisher_python.egg-info/entry_points.txt
[0.828s] writing requirements to ../../../../build/publisher_python/publisher_python.egg-info/requires.txt
[0.828s] writing top-level names to ../../../../build/publisher_python/publisher_python.egg-info/top_level.txt
[0.859s] reading manifest file '../../../../build/publisher_python/publisher_python.egg-info/SOURCES.txt'
[0.862s] writing manifest file '../../../../build/publisher_python/publisher_python.egg-info/SOURCES.txt'
[0.862s] running build
[0.862s] running build_py
[0.864s] running install
[0.865s] running install_lib
[0.868s] running install_data
[0.869s] running install_egg_info
[0.871s] removing '/media/kenan/kenan-acads/thesis/robot-alignment-thesis/install/publisher_python/lib/python3.8/site-packages/publisher_python-0.0.0-py3.8.egg-info' (and everything under it)
[0.873s] Copying ../../../../build/publisher_python/publisher_python.egg-info to /media/kenan/kenan-acads/thesis/robot-alignment-thesis/install/publisher_python/lib/python3.8/site-packages/publisher_python-0.0.0-py3.8.egg-info
[0.879s] running install_scripts
[0.895s] Installing listener script to /media/kenan/kenan-acads/thesis/robot-alignment-thesis/install/publisher_python/lib/publisher-python
[0.895s] Installing talker script to /media/kenan/kenan-acads/thesis/robot-alignment-thesis/install/publisher_python/lib/publisher-python
[0.896s] writing list of installed files to '/media/kenan/kenan-acads/thesis/robot-alignment-thesis/build/publisher_python/install.log'
[0.915s] Invoked command in '/media/kenan/kenan-acads/thesis/robot-alignment-thesis/ros2_ws/practice_ws/src/publisher_python' returned '0': PYTHONPATH=/media/kenan/kenan-acads/thesis/robot-alignment-thesis/install/publisher_python/lib/python3.8/site-packages:${PYTHONPATH} /usr/bin/python3 setup.py egg_info --egg-base ../../../../build/publisher_python build --build-base /media/kenan/kenan-acads/thesis/robot-alignment-thesis/build/publisher_python/build install --prefix /media/kenan/kenan-acads/thesis/robot-alignment-thesis/install/publisher_python --record /media/kenan/kenan-acads/thesis/robot-alignment-thesis/build/publisher_python/install.log --single-version-externally-managed
