[0.133s] DEBUG:colcon:Command line arguments: ['/usr/bin/colcon', 'build', '--packages-select', 'robov']
[0.133s] DEBUG:colcon:Parsed command line arguments: Namespace(allow_overriding=[], ament_cmake_args=None, base_paths=['.'], build_base='build', catkin_cmake_args=None, catkin_skip_building_tests=False, cmake_args=None, cmake_clean_cache=False, cmake_clean_first=False, cmake_force_configure=False, cmake_target=None, cmake_target_skip_unavailable=False, continue_on_error=False, event_handlers=None, executor='parallel', ignore_user_meta=False, install_base='install', log_base=None, log_level=None, main=<bound method BuildVerb.main of <colcon_core.verb.build.BuildVerb object at 0x7fd4db533670>>, merge_install=False, metas=['./colcon.meta'], packages_above=None, packages_above_and_dependencies=None, packages_above_depth=None, packages_end=None, packages_ignore=None, packages_ignore_regex=None, packages_select=['robov'], packages_select_build_failed=False, packages_select_by_dep=None, packages_select_regex=None, packages_select_test_failures=False, packages_skip=None, packages_skip_build_finished=False, packages_skip_by_dep=None, packages_skip_regex=None, packages_skip_test_passed=False, packages_skip_up_to=None, packages_start=None, packages_up_to=None, packages_up_to_regex=None, parallel_workers=6, paths=None, symlink_install=False, test_result_base=None, verb_extension=<colcon_core.verb.build.BuildVerb object at 0x7fd4db533670>, verb_name='build', verb_parser=<colcon_defaults.argument_parser.defaults.DefaultArgumentsDecorator object at 0x7fd4db533bb0>)
[0.137s] Level 1:colcon.colcon_core.package_discovery:discover_packages(colcon_meta) check parameters
[0.138s] Level 1:colcon.colcon_core.package_discovery:discover_packages(recursive) check parameters
[0.138s] Level 1:colcon.colcon_core.package_discovery:discover_packages(ignore) check parameters
[0.138s] Level 1:colcon.colcon_core.package_discovery:discover_packages(path) check parameters
[0.138s] Level 1:colcon.colcon_core.package_discovery:discover_packages(colcon_meta) discover
[0.138s] Level 1:colcon.colcon_core.package_discovery:discover_packages(recursive) discover
[0.138s] INFO:colcon.colcon_core.package_discovery:Crawling recursively for packages in '/home/kenan/robovolc/robovolc'
[0.138s] Level 1:colcon.colcon_core.package_identification:_identify(.) by extensions ['ignore', 'ignore_ament_install']
[0.138s] Level 1:colcon.colcon_core.package_identification:_identify(.) by extension 'ignore'
[0.138s] Level 1:colcon.colcon_core.package_identification:_identify(.) by extension 'ignore_ament_install'
[0.138s] Level 1:colcon.colcon_core.package_identification:_identify(.) by extensions ['colcon_pkg']
[0.138s] Level 1:colcon.colcon_core.package_identification:_identify(.) by extension 'colcon_pkg'
[0.138s] Level 1:colcon.colcon_core.package_identification:_identify(.) by extensions ['colcon_meta']
[0.138s] Level 1:colcon.colcon_core.package_identification:_identify(.) by extension 'colcon_meta'
[0.138s] Level 1:colcon.colcon_core.package_identification:_identify(.) by extensions ['ros']
[0.138s] Level 1:colcon.colcon_core.package_identification:_identify(.) by extension 'ros'
[0.149s] Level 1:colcon.colcon_core.package_identification:_identify(.) by extensions ['cmake', 'python']
[0.149s] Level 1:colcon.colcon_core.package_identification:_identify(.) by extension 'cmake'
[0.149s] Level 1:colcon.colcon_core.package_identification:_identify(.) by extension 'python'
[0.149s] Level 1:colcon.colcon_core.package_identification:_identify(.) by extensions ['python_setup_py']
[0.149s] Level 1:colcon.colcon_core.package_identification:_identify(.) by extension 'python_setup_py'
[0.149s] Level 1:colcon.colcon_core.package_identification:_identify(build) by extensions ['ignore', 'ignore_ament_install']
[0.149s] Level 1:colcon.colcon_core.package_identification:_identify(build) by extension 'ignore'
[0.149s] Level 1:colcon.colcon_core.package_identification:_identify(build) ignored
[0.150s] Level 1:colcon.colcon_core.package_identification:_identify(install) by extensions ['ignore', 'ignore_ament_install']
[0.150s] Level 1:colcon.colcon_core.package_identification:_identify(install) by extension 'ignore'
[0.150s] Level 1:colcon.colcon_core.package_identification:_identify(install) ignored
[0.150s] Level 1:colcon.colcon_core.package_identification:_identify(log) by extensions ['ignore', 'ignore_ament_install']
[0.150s] Level 1:colcon.colcon_core.package_identification:_identify(log) by extension 'ignore'
[0.150s] Level 1:colcon.colcon_core.package_identification:_identify(log) ignored
[0.150s] Level 1:colcon.colcon_core.package_identification:_identify(src) by extensions ['ignore', 'ignore_ament_install']
[0.150s] Level 1:colcon.colcon_core.package_identification:_identify(src) by extension 'ignore'
[0.150s] Level 1:colcon.colcon_core.package_identification:_identify(src) by extension 'ignore_ament_install'
[0.150s] Level 1:colcon.colcon_core.package_identification:_identify(src) by extensions ['colcon_pkg']
[0.150s] Level 1:colcon.colcon_core.package_identification:_identify(src) by extension 'colcon_pkg'
[0.150s] Level 1:colcon.colcon_core.package_identification:_identify(src) by extensions ['colcon_meta']
[0.150s] Level 1:colcon.colcon_core.package_identification:_identify(src) by extension 'colcon_meta'
[0.150s] Level 1:colcon.colcon_core.package_identification:_identify(src) by extensions ['ros']
[0.150s] Level 1:colcon.colcon_core.package_identification:_identify(src) by extension 'ros'
[0.150s] Level 1:colcon.colcon_core.package_identification:_identify(src) by extensions ['cmake', 'python']
[0.150s] Level 1:colcon.colcon_core.package_identification:_identify(src) by extension 'cmake'
[0.150s] Level 1:colcon.colcon_core.package_identification:_identify(src) by extension 'python'
[0.151s] Level 1:colcon.colcon_core.package_identification:_identify(src) by extensions ['python_setup_py']
[0.151s] Level 1:colcon.colcon_core.package_identification:_identify(src) by extension 'python_setup_py'
[0.151s] Level 1:colcon.colcon_core.package_identification:_identify(src/robov) by extensions ['ignore', 'ignore_ament_install']
[0.151s] Level 1:colcon.colcon_core.package_identification:_identify(src/robov) by extension 'ignore'
[0.151s] Level 1:colcon.colcon_core.package_identification:_identify(src/robov) by extension 'ignore_ament_install'
[0.151s] Level 1:colcon.colcon_core.package_identification:_identify(src/robov) by extensions ['colcon_pkg']
[0.151s] Level 1:colcon.colcon_core.package_identification:_identify(src/robov) by extension 'colcon_pkg'
[0.151s] Level 1:colcon.colcon_core.package_identification:_identify(src/robov) by extensions ['colcon_meta']
[0.151s] Level 1:colcon.colcon_core.package_identification:_identify(src/robov) by extension 'colcon_meta'
[0.151s] Level 1:colcon.colcon_core.package_identification:_identify(src/robov) by extensions ['ros']
[0.151s] Level 1:colcon.colcon_core.package_identification:_identify(src/robov) by extension 'ros'
[0.153s] DEBUG:colcon.colcon_core.package_identification:Package 'src/robov' with type 'ros.ament_python' and name 'robov'
[0.153s] Level 1:colcon.colcon_core.package_discovery:discover_packages(recursive) using defaults
[0.153s] Level 1:colcon.colcon_core.package_discovery:discover_packages(ignore) discover
[0.153s] Level 1:colcon.colcon_core.package_discovery:discover_packages(ignore) using defaults
[0.153s] Level 1:colcon.colcon_core.package_discovery:discover_packages(path) discover
[0.153s] Level 1:colcon.colcon_core.package_discovery:discover_packages(path) using defaults
[0.170s] Level 5:colcon.colcon_core.verb:set package 'robov' build argument 'cmake_args' from command line to 'None'
[0.170s] Level 5:colcon.colcon_core.verb:set package 'robov' build argument 'cmake_target' from command line to 'None'
[0.170s] Level 5:colcon.colcon_core.verb:set package 'robov' build argument 'cmake_target_skip_unavailable' from command line to 'False'
[0.170s] Level 5:colcon.colcon_core.verb:set package 'robov' build argument 'cmake_clean_cache' from command line to 'False'
[0.170s] Level 5:colcon.colcon_core.verb:set package 'robov' build argument 'cmake_clean_first' from command line to 'False'
[0.170s] Level 5:colcon.colcon_core.verb:set package 'robov' build argument 'cmake_force_configure' from command line to 'False'
[0.170s] Level 5:colcon.colcon_core.verb:set package 'robov' build argument 'ament_cmake_args' from command line to 'None'
[0.170s] Level 5:colcon.colcon_core.verb:set package 'robov' build argument 'catkin_cmake_args' from command line to 'None'
[0.170s] Level 5:colcon.colcon_core.verb:set package 'robov' build argument 'catkin_skip_building_tests' from command line to 'False'
[0.170s] DEBUG:colcon.colcon_core.verb:Building package 'robov' with the following arguments: {'ament_cmake_args': None, 'build_base': '/home/kenan/robovolc/robovolc/build/robov', 'catkin_cmake_args': None, 'catkin_skip_building_tests': False, 'cmake_args': None, 'cmake_clean_cache': False, 'cmake_clean_first': False, 'cmake_force_configure': False, 'cmake_target': None, 'cmake_target_skip_unavailable': False, 'install_base': '/home/kenan/robovolc/robovolc/install/robov', 'merge_install': False, 'path': '/home/kenan/robovolc/robovolc/src/robov', 'symlink_install': False, 'test_result_base': None}
[0.173s] INFO:colcon.colcon_core.executor:Executing jobs using 'parallel' executor
[0.175s] DEBUG:colcon.colcon_parallel_executor.executor.parallel:run_until_complete
[0.175s] INFO:colcon.colcon_ros.task.ament_python.build:Building ROS package in '/home/kenan/robovolc/robovolc/src/robov' with build type 'ament_python'
[0.175s] Level 1:colcon.colcon_core.shell:create_environment_hook('robov', 'ament_prefix_path')
[0.178s] INFO:colcon.colcon_core.plugin_system:Skipping extension 'colcon_core.shell.bat': Not used on non-Windows systems
[0.178s] INFO:colcon.colcon_core.shell:Creating environment hook '/home/kenan/robovolc/robovolc/install/robov/share/robov/hook/ament_prefix_path.ps1'
[0.195s] INFO:colcon.colcon_core.shell:Creating environment descriptor '/home/kenan/robovolc/robovolc/install/robov/share/robov/hook/ament_prefix_path.dsv'
[0.201s] INFO:colcon.colcon_core.shell:Creating environment hook '/home/kenan/robovolc/robovolc/install/robov/share/robov/hook/ament_prefix_path.sh'
[0.204s] INFO:colcon.colcon_core.shell:Skip shell extension 'powershell' for command environment: Not usable outside of PowerShell
[0.205s] DEBUG:colcon.colcon_core.shell:Skip shell extension 'dsv' for command environment
[0.461s] INFO:colcon.colcon_core.task.python.build:Building Python package in '/home/kenan/robovolc/robovolc/src/robov'
[0.462s] INFO:colcon.colcon_core.shell:Skip shell extension 'powershell' for command environment: Not usable outside of PowerShell
[0.462s] DEBUG:colcon.colcon_core.shell:Skip shell extension 'dsv' for command environment
[2.231s] DEBUG:colcon.colcon_core.event_handler.log_command:Invoking command in '/home/kenan/robovolc/robovolc/src/robov': PYTHONPATH=/home/kenan/robovolc/robovolc/install/robov/lib/python3.8/site-packages:${PYTHONPATH} /usr/bin/python3 setup.py egg_info --egg-base ../../build/robov build --build-base /home/kenan/robovolc/robovolc/build/robov/build install --prefix /home/kenan/robovolc/robovolc/install/robov --record /home/kenan/robovolc/robovolc/build/robov/install.log --single-version-externally-managed
[2.507s] DEBUG:colcon.colcon_core.event_handler.log_command:Invoked command in '/home/kenan/robovolc/robovolc/src/robov' returned '0': PYTHONPATH=/home/kenan/robovolc/robovolc/install/robov/lib/python3.8/site-packages:${PYTHONPATH} /usr/bin/python3 setup.py egg_info --egg-base ../../build/robov build --build-base /home/kenan/robovolc/robovolc/build/robov/build install --prefix /home/kenan/robovolc/robovolc/install/robov --record /home/kenan/robovolc/robovolc/build/robov/install.log --single-version-externally-managed
[2.593s] Level 1:colcon.colcon_core.environment:checking '/home/kenan/robovolc/robovolc/install/robov' for CMake module files
[2.594s] Level 1:colcon.colcon_core.environment:checking '/home/kenan/robovolc/robovolc/install/robov' for CMake config files
[2.596s] Level 1:colcon.colcon_core.environment:checking '/home/kenan/robovolc/robovolc/install/robov/lib'
[2.596s] Level 1:colcon.colcon_core.environment:checking '/home/kenan/robovolc/robovolc/install/robov/bin'
[2.596s] Level 1:colcon.colcon_core.environment:checking '/home/kenan/robovolc/robovolc/install/robov/lib/pkgconfig/robov.pc'
[2.596s] Level 1:colcon.colcon_core.environment:checking '/home/kenan/robovolc/robovolc/install/robov/lib/python3.8/site-packages'
[2.597s] Level 1:colcon.colcon_core.shell:create_environment_hook('robov', 'pythonpath')
[2.598s] INFO:colcon.colcon_core.shell:Creating environment hook '/home/kenan/robovolc/robovolc/install/robov/share/robov/hook/pythonpath.ps1'
[2.599s] INFO:colcon.colcon_core.shell:Creating environment descriptor '/home/kenan/robovolc/robovolc/install/robov/share/robov/hook/pythonpath.dsv'
[2.599s] INFO:colcon.colcon_core.shell:Creating environment hook '/home/kenan/robovolc/robovolc/install/robov/share/robov/hook/pythonpath.sh'
[2.600s] Level 1:colcon.colcon_core.environment:create_environment_scripts_only(robov)
[2.601s] INFO:colcon.colcon_core.shell:Creating package script '/home/kenan/robovolc/robovolc/install/robov/share/robov/package.ps1'
[2.606s] INFO:colcon.colcon_core.shell:Creating package descriptor '/home/kenan/robovolc/robovolc/install/robov/share/robov/package.dsv'
[2.613s] INFO:colcon.colcon_core.shell:Creating package script '/home/kenan/robovolc/robovolc/install/robov/share/robov/package.sh'
[2.615s] INFO:colcon.colcon_core.shell:Creating package script '/home/kenan/robovolc/robovolc/install/robov/share/robov/package.bash'
[2.621s] INFO:colcon.colcon_core.shell:Creating package script '/home/kenan/robovolc/robovolc/install/robov/share/robov/package.zsh'
[2.635s] Level 1:colcon.colcon_core.environment:create_file_with_runtime_dependencies(/home/kenan/robovolc/robovolc/install/robov/share/colcon-core/packages/robov)
[2.636s] DEBUG:colcon.colcon_parallel_executor.executor.parallel:closing loop
[2.637s] DEBUG:colcon.colcon_parallel_executor.executor.parallel:loop closed
[2.638s] DEBUG:colcon.colcon_parallel_executor.executor.parallel:run_until_complete finished with '0'
[2.638s] DEBUG:colcon.colcon_core.event_reactor:joining thread
[2.649s] INFO:colcon.colcon_core.plugin_system:Skipping extension 'colcon_notification.desktop_notification.terminal_notifier': Not used on non-Darwin systems
[2.649s] INFO:colcon.colcon_core.plugin_system:Skipping extension 'colcon_notification.desktop_notification.win32': Not used on non-Windows systems
[2.649s] INFO:colcon.colcon_notification.desktop_notification:Sending desktop notification using 'notify2'
[2.676s] DEBUG:colcon.colcon_core.event_reactor:joined thread
[2.677s] INFO:colcon.colcon_core.shell:Creating prefix script '/home/kenan/robovolc/robovolc/install/local_setup.ps1'
[2.679s] INFO:colcon.colcon_core.shell:Creating prefix util module '/home/kenan/robovolc/robovolc/install/_local_setup_util_ps1.py'
[2.681s] INFO:colcon.colcon_core.shell:Creating prefix chain script '/home/kenan/robovolc/robovolc/install/setup.ps1'
[2.683s] INFO:colcon.colcon_core.shell:Creating prefix script '/home/kenan/robovolc/robovolc/install/local_setup.sh'
[2.684s] INFO:colcon.colcon_core.shell:Creating prefix util module '/home/kenan/robovolc/robovolc/install/_local_setup_util_sh.py'
[2.684s] INFO:colcon.colcon_core.shell:Creating prefix chain script '/home/kenan/robovolc/robovolc/install/setup.sh'
[2.686s] INFO:colcon.colcon_core.shell:Creating prefix script '/home/kenan/robovolc/robovolc/install/local_setup.bash'
[2.686s] INFO:colcon.colcon_core.shell:Creating prefix chain script '/home/kenan/robovolc/robovolc/install/setup.bash'
[2.688s] INFO:colcon.colcon_core.shell:Creating prefix script '/home/kenan/robovolc/robovolc/install/local_setup.zsh'
[2.689s] INFO:colcon.colcon_core.shell:Creating prefix chain script '/home/kenan/robovolc/robovolc/install/setup.zsh'
