[0.613s] Invoking command in '/media/kenan/kenan-acads/thesis/robot-alignment-thesis/ros2_ws/practice_ws/src/publisher_python': PYTHONPATH=/media/kenan/kenan-acads/thesis/robot-alignment-thesis/install/publisher_python/lib/python3.8/site-packages:${PYTHONPATH} /usr/bin/python3 setup.py egg_info --egg-base ../../../../build/publisher_python build --build-base /media/kenan/kenan-acads/thesis/robot-alignment-thesis/build/publisher_python/build install --prefix /media/kenan/kenan-acads/thesis/robot-alignment-thesis/install/publisher_python --record /media/kenan/kenan-acads/thesis/robot-alignment-thesis/build/publisher_python/install.log --single-version-externally-managed
[0.824s] running egg_info
[0.825s] creating ../../../../build/publisher_python/publisher_python.egg-info
[0.825s] writing ../../../../build/publisher_python/publisher_python.egg-info/PKG-INFO
[0.826s] writing dependency_links to ../../../../build/publisher_python/publisher_python.egg-info/dependency_links.txt
[0.827s] writing entry points to ../../../../build/publisher_python/publisher_python.egg-info/entry_points.txt
[0.827s] writing requirements to ../../../../build/publisher_python/publisher_python.egg-info/requires.txt
[0.827s] writing top-level names to ../../../../build/publisher_python/publisher_python.egg-info/top_level.txt
[0.829s] writing manifest file '../../../../build/publisher_python/publisher_python.egg-info/SOURCES.txt'
[0.859s] reading manifest file '../../../../build/publisher_python/publisher_python.egg-info/SOURCES.txt'
[0.861s] writing manifest file '../../../../build/publisher_python/publisher_python.egg-info/SOURCES.txt'
[0.861s] running build
[0.861s] running build_py
[0.862s] creating /media/kenan/kenan-acads/thesis/robot-alignment-thesis/build/publisher_python/build
[0.862s] creating /media/kenan/kenan-acads/thesis/robot-alignment-thesis/build/publisher_python/build/lib
[0.862s] creating /media/kenan/kenan-acads/thesis/robot-alignment-thesis/build/publisher_python/build/lib/publisher_python
[0.862s] copying publisher_python/publisher.py -> /media/kenan/kenan-acads/thesis/robot-alignment-thesis/build/publisher_python/build/lib/publisher_python
[0.863s] copying publisher_python/subscriber.py -> /media/kenan/kenan-acads/thesis/robot-alignment-thesis/build/publisher_python/build/lib/publisher_python
[0.863s] copying publisher_python/__init__.py -> /media/kenan/kenan-acads/thesis/robot-alignment-thesis/build/publisher_python/build/lib/publisher_python
[0.864s] running install
[0.865s] running install_lib
[0.866s] creating /media/kenan/kenan-acads/thesis/robot-alignment-thesis/install/publisher_python/lib/python3.8/site-packages/publisher_python
[0.866s] copying /media/kenan/kenan-acads/thesis/robot-alignment-thesis/build/publisher_python/build/lib/publisher_python/publisher.py -> /media/kenan/kenan-acads/thesis/robot-alignment-thesis/install/publisher_python/lib/python3.8/site-packages/publisher_python
[0.867s] copying /media/kenan/kenan-acads/thesis/robot-alignment-thesis/build/publisher_python/build/lib/publisher_python/subscriber.py -> /media/kenan/kenan-acads/thesis/robot-alignment-thesis/install/publisher_python/lib/python3.8/site-packages/publisher_python
[0.868s] copying /media/kenan/kenan-acads/thesis/robot-alignment-thesis/build/publisher_python/build/lib/publisher_python/__init__.py -> /media/kenan/kenan-acads/thesis/robot-alignment-thesis/install/publisher_python/lib/python3.8/site-packages/publisher_python
[0.870s] byte-compiling /media/kenan/kenan-acads/thesis/robot-alignment-thesis/install/publisher_python/lib/python3.8/site-packages/publisher_python/publisher.py to publisher.cpython-38.pyc
[0.872s] byte-compiling /media/kenan/kenan-acads/thesis/robot-alignment-thesis/install/publisher_python/lib/python3.8/site-packages/publisher_python/subscriber.py to subscriber.cpython-38.pyc
[0.873s] byte-compiling /media/kenan/kenan-acads/thesis/robot-alignment-thesis/install/publisher_python/lib/python3.8/site-packages/publisher_python/__init__.py to __init__.cpython-38.pyc
[0.874s] running install_data
[0.875s] creating /media/kenan/kenan-acads/thesis/robot-alignment-thesis/install/publisher_python/share/ament_index
[0.875s] creating /media/kenan/kenan-acads/thesis/robot-alignment-thesis/install/publisher_python/share/ament_index/resource_index
[0.875s] creating /media/kenan/kenan-acads/thesis/robot-alignment-thesis/install/publisher_python/share/ament_index/resource_index/packages
[0.875s] copying resource/publisher_python -> /media/kenan/kenan-acads/thesis/robot-alignment-thesis/install/publisher_python/share/ament_index/resource_index/packages
[0.876s] copying package.xml -> /media/kenan/kenan-acads/thesis/robot-alignment-thesis/install/publisher_python/share/publisher_python
[1.117s] running install_egg_info
[1.127s] Copying ../../../../build/publisher_python/publisher_python.egg-info to /media/kenan/kenan-acads/thesis/robot-alignment-thesis/install/publisher_python/lib/python3.8/site-packages/publisher_python-0.0.0-py3.8.egg-info
[1.157s] running install_scripts
[1.188s] Installing listener script to /media/kenan/kenan-acads/thesis/robot-alignment-thesis/install/publisher_python/lib/publisher-python
[1.188s] Installing talker script to /media/kenan/kenan-acads/thesis/robot-alignment-thesis/install/publisher_python/lib/publisher-python
[1.189s] writing list of installed files to '/media/kenan/kenan-acads/thesis/robot-alignment-thesis/build/publisher_python/install.log'
[1.209s] Invoked command in '/media/kenan/kenan-acads/thesis/robot-alignment-thesis/ros2_ws/practice_ws/src/publisher_python' returned '0': PYTHONPATH=/media/kenan/kenan-acads/thesis/robot-alignment-thesis/install/publisher_python/lib/python3.8/site-packages:${PYTHONPATH} /usr/bin/python3 setup.py egg_info --egg-base ../../../../build/publisher_python build --build-base /media/kenan/kenan-acads/thesis/robot-alignment-thesis/build/publisher_python/build install --prefix /media/kenan/kenan-acads/thesis/robot-alignment-thesis/install/publisher_python --record /media/kenan/kenan-acads/thesis/robot-alignment-thesis/build/publisher_python/install.log --single-version-externally-managed
