[0.510s] Invoking command in '/home/kenan/practice1_ws/src/publisher_python': PYTHONPATH=/home/kenan/practice1_ws/install/publisher_python/lib/python3.8/site-packages:${PYTHONPATH} /usr/bin/python3 setup.py egg_info --egg-base ../../build/publisher_python build --build-base /home/kenan/practice1_ws/build/publisher_python/build install --prefix /home/kenan/practice1_ws/install/publisher_python --record /home/kenan/practice1_ws/build/publisher_python/install.log --single-version-externally-managed
[0.693s] running egg_info
[0.694s] writing ../../build/publisher_python/publisher_python.egg-info/PKG-INFO
[0.694s] writing dependency_links to ../../build/publisher_python/publisher_python.egg-info/dependency_links.txt
[0.694s] writing entry points to ../../build/publisher_python/publisher_python.egg-info/entry_points.txt
[0.694s] writing requirements to ../../build/publisher_python/publisher_python.egg-info/requires.txt
[0.694s] writing top-level names to ../../build/publisher_python/publisher_python.egg-info/top_level.txt
[0.723s] reading manifest file '../../build/publisher_python/publisher_python.egg-info/SOURCES.txt'
[0.723s] writing manifest file '../../build/publisher_python/publisher_python.egg-info/SOURCES.txt'
[0.724s] running build
[0.724s] running build_py
[0.724s] running install
[0.724s] running install_lib
[0.726s] running install_data
[0.726s] running install_egg_info
[0.727s] removing '/home/kenan/practice1_ws/install/publisher_python/lib/python3.8/site-packages/publisher_python-0.0.0-py3.8.egg-info' (and everything under it)
[0.727s] Copying ../../build/publisher_python/publisher_python.egg-info to /home/kenan/practice1_ws/install/publisher_python/lib/python3.8/site-packages/publisher_python-0.0.0-py3.8.egg-info
[0.728s] running install_scripts
[0.741s] Installing listener script to /home/kenan/practice1_ws/install/publisher_python/lib/publisher-python
[0.741s] Installing talker script to /home/kenan/practice1_ws/install/publisher_python/lib/publisher-python
[0.741s] writing list of installed files to '/home/kenan/practice1_ws/build/publisher_python/install.log'
[0.756s] Invoked command in '/home/kenan/practice1_ws/src/publisher_python' returned '0': PYTHONPATH=/home/kenan/practice1_ws/install/publisher_python/lib/python3.8/site-packages:${PYTHONPATH} /usr/bin/python3 setup.py egg_info --egg-base ../../build/publisher_python build --build-base /home/kenan/practice1_ws/build/publisher_python/build install --prefix /home/kenan/practice1_ws/install/publisher_python --record /home/kenan/practice1_ws/build/publisher_python/install.log --single-version-externally-managed
