running egg_info
writing ../../build/publisher_python/publisher_python.egg-info/PKG-INFO
writing dependency_links to ../../build/publisher_python/publisher_python.egg-info/dependency_links.txt
writing entry points to ../../build/publisher_python/publisher_python.egg-info/entry_points.txt
writing requirements to ../../build/publisher_python/publisher_python.egg-info/requires.txt
writing top-level names to ../../build/publisher_python/publisher_python.egg-info/top_level.txt
reading manifest file '../../build/publisher_python/publisher_python.egg-info/SOURCES.txt'
writing manifest file '../../build/publisher_python/publisher_python.egg-info/SOURCES.txt'
running build
running build_py
creating /home/kenan/practice1_ws/build/publisher_python/build/lib/publisher_python
copying publisher_python/__init__.py -> /home/kenan/practice1_ws/build/publisher_python/build/lib/publisher_python
copying publisher_python/subscriber.py -> /home/kenan/practice1_ws/build/publisher_python/build/lib/publisher_python
copying publisher_python/publisher.py -> /home/kenan/practice1_ws/build/publisher_python/build/lib/publisher_python
running install
running install_lib
creating /home/kenan/practice1_ws/install/publisher_python/lib/python3.8/site-packages/publisher_python
copying /home/kenan/practice1_ws/build/publisher_python/build/lib/publisher_python/__init__.py -> /home/kenan/practice1_ws/install/publisher_python/lib/python3.8/site-packages/publisher_python
copying /home/kenan/practice1_ws/build/publisher_python/build/lib/publisher_python/subscriber.py -> /home/kenan/practice1_ws/install/publisher_python/lib/python3.8/site-packages/publisher_python
copying /home/kenan/practice1_ws/build/publisher_python/build/lib/publisher_python/publisher.py -> /home/kenan/practice1_ws/install/publisher_python/lib/python3.8/site-packages/publisher_python
byte-compiling /home/kenan/practice1_ws/install/publisher_python/lib/python3.8/site-packages/publisher_python/__init__.py to __init__.cpython-38.pyc
byte-compiling /home/kenan/practice1_ws/install/publisher_python/lib/python3.8/site-packages/publisher_python/subscriber.py to subscriber.cpython-38.pyc
byte-compiling /home/kenan/practice1_ws/install/publisher_python/lib/python3.8/site-packages/publisher_python/publisher.py to publisher.cpython-38.pyc
running install_data
