[0.131s] DEBUG:colcon:Command line arguments: ['/usr/bin/colcon', 'build', '--packages-select', 'py_pysub']
[0.131s] DEBUG:colcon:Parsed command line arguments: Namespace(allow_overriding=[], ament_cmake_args=None, base_paths=['.'], build_base='build', catkin_cmake_args=None, catkin_skip_building_tests=False, cmake_args=None, cmake_clean_cache=False, cmake_clean_first=False, cmake_force_configure=False, cmake_target=None, cmake_target_skip_unavailable=False, continue_on_error=False, event_handlers=None, executor='parallel', ignore_user_meta=False, install_base='install', log_base=None, log_level=None, main=<bound method BuildVerb.main of <colcon_core.verb.build.BuildVerb object at 0x7fc42c76f0a0>>, merge_install=False, metas=['./colcon.meta'], packages_above=None, packages_above_and_dependencies=None, packages_above_depth=None, packages_end=None, packages_ignore=None, packages_ignore_regex=None, packages_select=['py_pysub'], packages_select_build_failed=False, packages_select_by_dep=None, packages_select_regex=None, packages_select_test_failures=False, packages_skip=None, packages_skip_build_finished=False, packages_skip_by_dep=None, packages_skip_regex=None, packages_skip_test_passed=False, packages_skip_up_to=None, packages_start=None, packages_up_to=None, packages_up_to_regex=None, parallel_workers=6, paths=None, symlink_install=False, test_result_base=None, verb_extension=<colcon_core.verb.build.BuildVerb object at 0x7fc42c76f0a0>, verb_name='build', verb_parser=<colcon_defaults.argument_parser.defaults.DefaultArgumentsDecorator object at 0x7fc42c76f550>)
[0.136s] Level 1:colcon.colcon_core.package_discovery:discover_packages(colcon_meta) check parameters
[0.136s] Level 1:colcon.colcon_core.package_discovery:discover_packages(recursive) check parameters
[0.136s] Level 1:colcon.colcon_core.package_discovery:discover_packages(ignore) check parameters
[0.136s] Level 1:colcon.colcon_core.package_discovery:discover_packages(path) check parameters
[0.136s] Level 1:colcon.colcon_core.package_discovery:discover_packages(colcon_meta) discover
[0.136s] Level 1:colcon.colcon_core.package_discovery:discover_packages(recursive) discover
[0.136s] INFO:colcon.colcon_core.package_discovery:Crawling recursively for packages in '/media/kenan/kenan-acads/thesis/robot-alignment-thesis/ros2_ws/practice_ws'
[0.136s] Level 1:colcon.colcon_core.package_identification:_identify(.) by extensions ['ignore', 'ignore_ament_install']
[0.136s] Level 1:colcon.colcon_core.package_identification:_identify(.) by extension 'ignore'
[0.137s] Level 1:colcon.colcon_core.package_identification:_identify(.) by extension 'ignore_ament_install'
[0.137s] Level 1:colcon.colcon_core.package_identification:_identify(.) by extensions ['colcon_pkg']
[0.137s] Level 1:colcon.colcon_core.package_identification:_identify(.) by extension 'colcon_pkg'
[0.137s] Level 1:colcon.colcon_core.package_identification:_identify(.) by extensions ['colcon_meta']
[0.137s] Level 1:colcon.colcon_core.package_identification:_identify(.) by extension 'colcon_meta'
[0.137s] Level 1:colcon.colcon_core.package_identification:_identify(.) by extensions ['ros']
[0.137s] Level 1:colcon.colcon_core.package_identification:_identify(.) by extension 'ros'
[0.147s] Level 1:colcon.colcon_core.package_identification:_identify(.) by extensions ['cmake', 'python']
[0.147s] Level 1:colcon.colcon_core.package_identification:_identify(.) by extension 'cmake'
[0.147s] Level 1:colcon.colcon_core.package_identification:_identify(.) by extension 'python'
[0.147s] Level 1:colcon.colcon_core.package_identification:_identify(.) by extensions ['python_setup_py']
[0.147s] Level 1:colcon.colcon_core.package_identification:_identify(.) by extension 'python_setup_py'
[0.147s] Level 1:colcon.colcon_core.package_identification:_identify(build) by extensions ['ignore', 'ignore_ament_install']
[0.147s] Level 1:colcon.colcon_core.package_identification:_identify(build) by extension 'ignore'
[0.147s] Level 1:colcon.colcon_core.package_identification:_identify(build) ignored
[0.147s] Level 1:colcon.colcon_core.package_identification:_identify(install) by extensions ['ignore', 'ignore_ament_install']
[0.148s] Level 1:colcon.colcon_core.package_identification:_identify(install) by extension 'ignore'
[0.148s] Level 1:colcon.colcon_core.package_identification:_identify(install) ignored
[0.148s] Level 1:colcon.colcon_core.package_identification:_identify(log) by extensions ['ignore', 'ignore_ament_install']
[0.148s] Level 1:colcon.colcon_core.package_identification:_identify(log) by extension 'ignore'
[0.148s] Level 1:colcon.colcon_core.package_identification:_identify(log) ignored
[0.148s] Level 1:colcon.colcon_core.package_identification:_identify(src) by extensions ['ignore', 'ignore_ament_install']
[0.148s] Level 1:colcon.colcon_core.package_identification:_identify(src) by extension 'ignore'
[0.149s] Level 1:colcon.colcon_core.package_identification:_identify(src) by extension 'ignore_ament_install'
[0.149s] Level 1:colcon.colcon_core.package_identification:_identify(src) by extensions ['colcon_pkg']
[0.149s] Level 1:colcon.colcon_core.package_identification:_identify(src) by extension 'colcon_pkg'
[0.149s] Level 1:colcon.colcon_core.package_identification:_identify(src) by extensions ['colcon_meta']
[0.149s] Level 1:colcon.colcon_core.package_identification:_identify(src) by extension 'colcon_meta'
[0.149s] Level 1:colcon.colcon_core.package_identification:_identify(src) by extensions ['ros']
[0.149s] Level 1:colcon.colcon_core.package_identification:_identify(src) by extension 'ros'
[0.149s] Level 1:colcon.colcon_core.package_identification:_identify(src) by extensions ['cmake', 'python']
[0.149s] Level 1:colcon.colcon_core.package_identification:_identify(src) by extension 'cmake'
[0.149s] Level 1:colcon.colcon_core.package_identification:_identify(src) by extension 'python'
[0.149s] Level 1:colcon.colcon_core.package_identification:_identify(src) by extensions ['python_setup_py']
[0.149s] Level 1:colcon.colcon_core.package_identification:_identify(src) by extension 'python_setup_py'
[0.150s] Level 1:colcon.colcon_core.package_identification:_identify(src/publisher_python) by extensions ['ignore', 'ignore_ament_install']
[0.150s] Level 1:colcon.colcon_core.package_identification:_identify(src/publisher_python) by extension 'ignore'
[0.150s] Level 1:colcon.colcon_core.package_identification:_identify(src/publisher_python) by extension 'ignore_ament_install'
[0.150s] Level 1:colcon.colcon_core.package_identification:_identify(src/publisher_python) by extensions ['colcon_pkg']
[0.150s] Level 1:colcon.colcon_core.package_identification:_identify(src/publisher_python) by extension 'colcon_pkg'
[0.150s] Level 1:colcon.colcon_core.package_identification:_identify(src/publisher_python) by extensions ['colcon_meta']
[0.150s] Level 1:colcon.colcon_core.package_identification:_identify(src/publisher_python) by extension 'colcon_meta'
[0.150s] Level 1:colcon.colcon_core.package_identification:_identify(src/publisher_python) by extensions ['ros']
[0.150s] Level 1:colcon.colcon_core.package_identification:_identify(src/publisher_python) by extension 'ros'
[0.152s] DEBUG:colcon.colcon_core.package_identification:Package 'src/publisher_python' with type 'ros.ament_python' and name 'publisher_python'
[0.152s] Level 1:colcon.colcon_core.package_identification:_identify(src/py_pysub) by extensions ['ignore', 'ignore_ament_install']
[0.153s] Level 1:colcon.colcon_core.package_identification:_identify(src/py_pysub) by extension 'ignore'
[0.153s] Level 1:colcon.colcon_core.package_identification:_identify(src/py_pysub) by extension 'ignore_ament_install'
[0.153s] Level 1:colcon.colcon_core.package_identification:_identify(src/py_pysub) by extensions ['colcon_pkg']
[0.153s] Level 1:colcon.colcon_core.package_identification:_identify(src/py_pysub) by extension 'colcon_pkg'
[0.153s] Level 1:colcon.colcon_core.package_identification:_identify(src/py_pysub) by extensions ['colcon_meta']
[0.153s] Level 1:colcon.colcon_core.package_identification:_identify(src/py_pysub) by extension 'colcon_meta'
[0.153s] Level 1:colcon.colcon_core.package_identification:_identify(src/py_pysub) by extensions ['ros']
[0.153s] Level 1:colcon.colcon_core.package_identification:_identify(src/py_pysub) by extension 'ros'
[0.154s] DEBUG:colcon.colcon_core.package_identification:Package 'src/py_pysub' with type 'ros.ament_python' and name 'py_pysub'
[0.154s] Level 1:colcon.colcon_core.package_discovery:discover_packages(recursive) using defaults
[0.154s] Level 1:colcon.colcon_core.package_discovery:discover_packages(ignore) discover
[0.154s] Level 1:colcon.colcon_core.package_discovery:discover_packages(ignore) using defaults
[0.154s] Level 1:colcon.colcon_core.package_discovery:discover_packages(path) discover
[0.154s] Level 1:colcon.colcon_core.package_discovery:discover_packages(path) using defaults
[0.171s] INFO:colcon.colcon_core.package_selection:Skipping not selected package 'publisher_python' in 'src/publisher_python'
[0.172s] Level 5:colcon.colcon_core.verb:set package 'py_pysub' build argument 'cmake_args' from command line to 'None'
[0.172s] Level 5:colcon.colcon_core.verb:set package 'py_pysub' build argument 'cmake_target' from command line to 'None'
[0.172s] Level 5:colcon.colcon_core.verb:set package 'py_pysub' build argument 'cmake_target_skip_unavailable' from command line to 'False'
[0.172s] Level 5:colcon.colcon_core.verb:set package 'py_pysub' build argument 'cmake_clean_cache' from command line to 'False'
[0.172s] Level 5:colcon.colcon_core.verb:set package 'py_pysub' build argument 'cmake_clean_first' from command line to 'False'
[0.172s] Level 5:colcon.colcon_core.verb:set package 'py_pysub' build argument 'cmake_force_configure' from command line to 'False'
[0.172s] Level 5:colcon.colcon_core.verb:set package 'py_pysub' build argument 'ament_cmake_args' from command line to 'None'
[0.172s] Level 5:colcon.colcon_core.verb:set package 'py_pysub' build argument 'catkin_cmake_args' from command line to 'None'
[0.172s] Level 5:colcon.colcon_core.verb:set package 'py_pysub' build argument 'catkin_skip_building_tests' from command line to 'False'
[0.172s] DEBUG:colcon.colcon_core.verb:Building package 'py_pysub' with the following arguments: {'ament_cmake_args': None, 'build_base': '/media/kenan/kenan-acads/thesis/robot-alignment-thesis/ros2_ws/practice_ws/build/py_pysub', 'catkin_cmake_args': None, 'catkin_skip_building_tests': False, 'cmake_args': None, 'cmake_clean_cache': False, 'cmake_clean_first': False, 'cmake_force_configure': False, 'cmake_target': None, 'cmake_target_skip_unavailable': False, 'install_base': '/media/kenan/kenan-acads/thesis/robot-alignment-thesis/ros2_ws/practice_ws/install/py_pysub', 'merge_install': False, 'path': '/media/kenan/kenan-acads/thesis/robot-alignment-thesis/ros2_ws/practice_ws/src/py_pysub', 'symlink_install': False, 'test_result_base': None}
[0.178s] WARNING:colcon.colcon_core.verb:Some selected packages are already built in one or more underlay workspaces:
	'py_pysub' is in: /media/kenan/kenan-acads/thesis/robot-alignment-thesis/ros2_ws/practice_ws/install/py_pysub
If a package in a merged underlay workspace is overridden and it installs headers, then all packages in the overlay must sort their include directories by workspace order. Failure to do so may result in build failures or undefined behavior at run time.
If the overridden package is used by another package in any underlay, then the overriding package in the overlay must be API and ABI compatible or undefined behavior at run time may occur.

If you understand the risks and want to override a package anyways, add the following to the command line:
	--allow-overriding py_pysub

This may be promoted to an error in a future release of colcon-core.
[0.178s] INFO:colcon.colcon_core.executor:Executing jobs using 'parallel' executor
[0.180s] DEBUG:colcon.colcon_parallel_executor.executor.parallel:run_until_complete
[0.180s] INFO:colcon.colcon_ros.task.ament_python.build:Building ROS package in '/media/kenan/kenan-acads/thesis/robot-alignment-thesis/ros2_ws/practice_ws/src/py_pysub' with build type 'ament_python'
[0.181s] Level 1:colcon.colcon_core.shell:create_environment_hook('py_pysub', 'ament_prefix_path')
[0.184s] INFO:colcon.colcon_core.plugin_system:Skipping extension 'colcon_core.shell.bat': Not used on non-Windows systems
[0.185s] INFO:colcon.colcon_core.shell:Creating environment hook '/media/kenan/kenan-acads/thesis/robot-alignment-thesis/ros2_ws/practice_ws/install/py_pysub/share/py_pysub/hook/ament_prefix_path.ps1'
[0.186s] INFO:colcon.colcon_core.shell:Creating environment descriptor '/media/kenan/kenan-acads/thesis/robot-alignment-thesis/ros2_ws/practice_ws/install/py_pysub/share/py_pysub/hook/ament_prefix_path.dsv'
[0.187s] INFO:colcon.colcon_core.shell:Creating environment hook '/media/kenan/kenan-acads/thesis/robot-alignment-thesis/ros2_ws/practice_ws/install/py_pysub/share/py_pysub/hook/ament_prefix_path.sh'
[0.188s] INFO:colcon.colcon_core.shell:Skip shell extension 'powershell' for command environment: Not usable outside of PowerShell
[0.188s] DEBUG:colcon.colcon_core.shell:Skip shell extension 'dsv' for command environment
[0.413s] INFO:colcon.colcon_core.task.python.build:Building Python package in '/media/kenan/kenan-acads/thesis/robot-alignment-thesis/ros2_ws/practice_ws/src/py_pysub'
[0.414s] INFO:colcon.colcon_core.shell:Skip shell extension 'powershell' for command environment: Not usable outside of PowerShell
[0.414s] DEBUG:colcon.colcon_core.shell:Skip shell extension 'dsv' for command environment
[0.779s] DEBUG:colcon.colcon_core.event_handler.log_command:Invoking command in '/media/kenan/kenan-acads/thesis/robot-alignment-thesis/ros2_ws/practice_ws/src/py_pysub': PYTHONPATH=/media/kenan/kenan-acads/thesis/robot-alignment-thesis/ros2_ws/practice_ws/install/py_pysub/lib/python3.8/site-packages:${PYTHONPATH} /usr/bin/python3 setup.py egg_info --egg-base ../../build/py_pysub build --build-base /media/kenan/kenan-acads/thesis/robot-alignment-thesis/ros2_ws/practice_ws/build/py_pysub/build install --prefix /media/kenan/kenan-acads/thesis/robot-alignment-thesis/ros2_ws/practice_ws/install/py_pysub --record /media/kenan/kenan-acads/thesis/robot-alignment-thesis/ros2_ws/practice_ws/build/py_pysub/install.log --single-version-externally-managed
[1.083s] DEBUG:colcon.colcon_core.event_handler.log_command:Invoked command in '/media/kenan/kenan-acads/thesis/robot-alignment-thesis/ros2_ws/practice_ws/src/py_pysub' returned '0': PYTHONPATH=/media/kenan/kenan-acads/thesis/robot-alignment-thesis/ros2_ws/practice_ws/install/py_pysub/lib/python3.8/site-packages:${PYTHONPATH} /usr/bin/python3 setup.py egg_info --egg-base ../../build/py_pysub build --build-base /media/kenan/kenan-acads/thesis/robot-alignment-thesis/ros2_ws/practice_ws/build/py_pysub/build install --prefix /media/kenan/kenan-acads/thesis/robot-alignment-thesis/ros2_ws/practice_ws/install/py_pysub --record /media/kenan/kenan-acads/thesis/robot-alignment-thesis/ros2_ws/practice_ws/build/py_pysub/install.log --single-version-externally-managed
[1.086s] Level 1:colcon.colcon_core.environment:checking '/media/kenan/kenan-acads/thesis/robot-alignment-thesis/ros2_ws/practice_ws/install/py_pysub' for CMake module files
[1.088s] Level 1:colcon.colcon_core.environment:checking '/media/kenan/kenan-acads/thesis/robot-alignment-thesis/ros2_ws/practice_ws/install/py_pysub' for CMake config files
[1.091s] Level 1:colcon.colcon_core.environment:checking '/media/kenan/kenan-acads/thesis/robot-alignment-thesis/ros2_ws/practice_ws/install/py_pysub/lib'
[1.092s] Level 1:colcon.colcon_core.environment:checking '/media/kenan/kenan-acads/thesis/robot-alignment-thesis/ros2_ws/practice_ws/install/py_pysub/bin'
[1.092s] Level 1:colcon.colcon_core.environment:checking '/media/kenan/kenan-acads/thesis/robot-alignment-thesis/ros2_ws/practice_ws/install/py_pysub/lib/pkgconfig/py_pysub.pc'
[1.092s] Level 1:colcon.colcon_core.environment:checking '/media/kenan/kenan-acads/thesis/robot-alignment-thesis/ros2_ws/practice_ws/install/py_pysub/lib/python3.8/site-packages'
[1.092s] Level 1:colcon.colcon_core.shell:create_environment_hook('py_pysub', 'pythonpath')
[1.092s] INFO:colcon.colcon_core.shell:Creating environment hook '/media/kenan/kenan-acads/thesis/robot-alignment-thesis/ros2_ws/practice_ws/install/py_pysub/share/py_pysub/hook/pythonpath.ps1'
[1.093s] INFO:colcon.colcon_core.shell:Creating environment descriptor '/media/kenan/kenan-acads/thesis/robot-alignment-thesis/ros2_ws/practice_ws/install/py_pysub/share/py_pysub/hook/pythonpath.dsv'
[1.094s] INFO:colcon.colcon_core.shell:Creating environment hook '/media/kenan/kenan-acads/thesis/robot-alignment-thesis/ros2_ws/practice_ws/install/py_pysub/share/py_pysub/hook/pythonpath.sh'
[1.095s] Level 1:colcon.colcon_core.environment:create_environment_scripts_only(py_pysub)
[1.096s] INFO:colcon.colcon_core.shell:Creating package script '/media/kenan/kenan-acads/thesis/robot-alignment-thesis/ros2_ws/practice_ws/install/py_pysub/share/py_pysub/package.ps1'
[1.097s] INFO:colcon.colcon_core.shell:Creating package descriptor '/media/kenan/kenan-acads/thesis/robot-alignment-thesis/ros2_ws/practice_ws/install/py_pysub/share/py_pysub/package.dsv'
[1.097s] INFO:colcon.colcon_core.shell:Creating package script '/media/kenan/kenan-acads/thesis/robot-alignment-thesis/ros2_ws/practice_ws/install/py_pysub/share/py_pysub/package.sh'
[1.098s] INFO:colcon.colcon_core.shell:Creating package script '/media/kenan/kenan-acads/thesis/robot-alignment-thesis/ros2_ws/practice_ws/install/py_pysub/share/py_pysub/package.bash'
[1.099s] INFO:colcon.colcon_core.shell:Creating package script '/media/kenan/kenan-acads/thesis/robot-alignment-thesis/ros2_ws/practice_ws/install/py_pysub/share/py_pysub/package.zsh'
[1.100s] Level 1:colcon.colcon_core.environment:create_file_with_runtime_dependencies(/media/kenan/kenan-acads/thesis/robot-alignment-thesis/ros2_ws/practice_ws/install/py_pysub/share/colcon-core/packages/py_pysub)
[1.101s] DEBUG:colcon.colcon_parallel_executor.executor.parallel:closing loop
[1.101s] DEBUG:colcon.colcon_parallel_executor.executor.parallel:loop closed
[1.101s] DEBUG:colcon.colcon_parallel_executor.executor.parallel:run_until_complete finished with '0'
[1.101s] DEBUG:colcon.colcon_core.event_reactor:joining thread
[1.107s] INFO:colcon.colcon_core.plugin_system:Skipping extension 'colcon_notification.desktop_notification.terminal_notifier': Not used on non-Darwin systems
[1.107s] INFO:colcon.colcon_core.plugin_system:Skipping extension 'colcon_notification.desktop_notification.win32': Not used on non-Windows systems
[1.107s] INFO:colcon.colcon_notification.desktop_notification:Sending desktop notification using 'notify2'
[1.120s] DEBUG:colcon.colcon_core.event_reactor:joined thread
[1.120s] INFO:colcon.colcon_core.shell:Creating prefix script '/media/kenan/kenan-acads/thesis/robot-alignment-thesis/ros2_ws/practice_ws/install/local_setup.ps1'
[1.122s] INFO:colcon.colcon_core.shell:Creating prefix util module '/media/kenan/kenan-acads/thesis/robot-alignment-thesis/ros2_ws/practice_ws/install/_local_setup_util_ps1.py'
[1.123s] INFO:colcon.colcon_core.shell:Creating prefix chain script '/media/kenan/kenan-acads/thesis/robot-alignment-thesis/ros2_ws/practice_ws/install/setup.ps1'
[1.129s] INFO:colcon.colcon_core.shell:Creating prefix script '/media/kenan/kenan-acads/thesis/robot-alignment-thesis/ros2_ws/practice_ws/install/local_setup.sh'
[1.131s] INFO:colcon.colcon_core.shell:Creating prefix util module '/media/kenan/kenan-acads/thesis/robot-alignment-thesis/ros2_ws/practice_ws/install/_local_setup_util_sh.py'
[1.131s] INFO:colcon.colcon_core.shell:Creating prefix chain script '/media/kenan/kenan-acads/thesis/robot-alignment-thesis/ros2_ws/practice_ws/install/setup.sh'
[1.133s] INFO:colcon.colcon_core.shell:Creating prefix script '/media/kenan/kenan-acads/thesis/robot-alignment-thesis/ros2_ws/practice_ws/install/local_setup.bash'
[1.134s] INFO:colcon.colcon_core.shell:Creating prefix chain script '/media/kenan/kenan-acads/thesis/robot-alignment-thesis/ros2_ws/practice_ws/install/setup.bash'
[1.136s] INFO:colcon.colcon_core.shell:Creating prefix script '/media/kenan/kenan-acads/thesis/robot-alignment-thesis/ros2_ws/practice_ws/install/local_setup.zsh'
[1.137s] INFO:colcon.colcon_core.shell:Creating prefix chain script '/media/kenan/kenan-acads/thesis/robot-alignment-thesis/ros2_ws/practice_ws/install/setup.zsh'
