[1.965s] Invoking command in '/home/kenan/practice1_ws/src/py_pysub': PYTHONPATH=/home/kenan/practice1_ws/install/py_pysub/lib/python3.8/site-packages:${PYTHONPATH} /usr/bin/python3 setup.py egg_info --egg-base ../../build/py_pysub build --build-base /home/kenan/practice1_ws/build/py_pysub/build install --prefix /home/kenan/practice1_ws/install/py_pysub --record /home/kenan/practice1_ws/build/py_pysub/install.log --single-version-externally-managed
[2.173s] running egg_info
[2.174s] writing ../../build/py_pysub/py_pysub.egg-info/PKG-INFO
[2.174s] writing dependency_links to ../../build/py_pysub/py_pysub.egg-info/dependency_links.txt
[2.174s] writing entry points to ../../build/py_pysub/py_pysub.egg-info/entry_points.txt
[2.174s] writing requirements to ../../build/py_pysub/py_pysub.egg-info/requires.txt
[2.174s] writing top-level names to ../../build/py_pysub/py_pysub.egg-info/top_level.txt
[2.245s] reading manifest file '../../build/py_pysub/py_pysub.egg-info/SOURCES.txt'
[2.257s] writing manifest file '../../build/py_pysub/py_pysub.egg-info/SOURCES.txt'
[2.257s] running build
[2.257s] running build_py
[2.257s] copying py_pysub/publisher_member_function.py -> /home/kenan/practice1_ws/build/py_pysub/build/lib/py_pysub
[2.257s] copying py_pysub/subscriber_member_function.py -> /home/kenan/practice1_ws/build/py_pysub/build/lib/py_pysub
[2.257s] running install
[2.258s] running install_lib
[2.258s] copying /home/kenan/practice1_ws/build/py_pysub/build/lib/py_pysub/publisher_member_function.py -> /home/kenan/practice1_ws/install/py_pysub/lib/python3.8/site-packages/py_pysub
[2.259s] copying /home/kenan/practice1_ws/build/py_pysub/build/lib/py_pysub/subscriber_member_function.py -> /home/kenan/practice1_ws/install/py_pysub/lib/python3.8/site-packages/py_pysub
[2.259s] byte-compiling /home/kenan/practice1_ws/install/py_pysub/lib/python3.8/site-packages/py_pysub/publisher_member_function.py to publisher_member_function.cpython-38.pyc
[2.260s] byte-compiling /home/kenan/practice1_ws/install/py_pysub/lib/python3.8/site-packages/py_pysub/subscriber_member_function.py to subscriber_member_function.cpython-38.pyc
[2.260s] running install_data
[2.261s] running install_egg_info
[2.262s] removing '/home/kenan/practice1_ws/install/py_pysub/lib/python3.8/site-packages/py_pysub-0.0.0-py3.8.egg-info' (and everything under it)
[2.262s] Copying ../../build/py_pysub/py_pysub.egg-info to /home/kenan/practice1_ws/install/py_pysub/lib/python3.8/site-packages/py_pysub-0.0.0-py3.8.egg-info
[2.274s] running install_scripts
[2.289s] Installing listener script to /home/kenan/practice1_ws/install/py_pysub/lib/py_pysub
[2.289s] Installing talker script to /home/kenan/practice1_ws/install/py_pysub/lib/py_pysub
[2.290s] writing list of installed files to '/home/kenan/practice1_ws/build/py_pysub/install.log'
[2.309s] Invoked command in '/home/kenan/practice1_ws/src/py_pysub' returned '0': PYTHONPATH=/home/kenan/practice1_ws/install/py_pysub/lib/python3.8/site-packages:${PYTHONPATH} /usr/bin/python3 setup.py egg_info --egg-base ../../build/py_pysub build --build-base /home/kenan/practice1_ws/build/py_pysub/build install --prefix /home/kenan/practice1_ws/install/py_pysub --record /home/kenan/practice1_ws/build/py_pysub/install.log --single-version-externally-managed
