[0.174s] DEBUG:colcon:Command line arguments: ['/usr/bin/colcon', 'list', '-p', '--base-paths', '/home/kenan/robovolc/robovolc']
[0.174s] DEBUG:colcon:Parsed command line arguments: Namespace(base_paths=['/home/kenan/robovolc/robovolc'], build_base='build', ignore_user_meta=False, log_base=None, log_level=None, main=<bound method ListVerb.main of <colcon_package_information.verb.list.ListVerb object at 0x7f410edc1a90>>, metas=['./colcon.meta'], names_only=False, packages_above=None, packages_above_and_dependencies=None, packages_above_depth=None, packages_end=None, packages_ignore=None, packages_ignore_regex=None, packages_select=None, packages_select_build_failed=False, packages_select_by_dep=None, packages_select_regex=None, packages_select_test_failures=False, packages_skip=None, packages_skip_build_finished=False, packages_skip_by_dep=None, packages_skip_regex=None, packages_skip_test_passed=False, packages_skip_up_to=None, packages_start=None, packages_up_to=None, packages_up_to_regex=None, paths=None, paths_only=True, topological_graph=False, topological_graph_density=False, topological_graph_dot=False, topological_graph_dot_cluster=False, topological_graph_dot_include_skipped=False, topological_graph_legend=False, topological_order=False, verb_extension=<colcon_package_information.verb.list.ListVerb object at 0x7f410edc1a90>, verb_name='list', verb_parser=<colcon_defaults.argument_parser.defaults.DefaultArgumentsDecorator object at 0x7f410ed00a90>)
[0.216s] Level 1:colcon.colcon_core.package_discovery:discover_packages(colcon_meta) check parameters
[0.216s] Level 1:colcon.colcon_core.package_discovery:discover_packages(recursive) check parameters
[0.216s] Level 1:colcon.colcon_core.package_discovery:discover_packages(ignore) check parameters
[0.216s] Level 1:colcon.colcon_core.package_discovery:discover_packages(path) check parameters
[0.216s] Level 1:colcon.colcon_core.package_discovery:discover_packages(recursive) discover
[0.216s] INFO:colcon.colcon_core.package_discovery:Crawling recursively for packages in '/home/kenan/robovolc/robovolc'
[0.216s] Level 1:colcon.colcon_core.package_identification:_identify(/home/kenan/robovolc/robovolc) by extensions ['ignore', 'ignore_ament_install']
[0.216s] Level 1:colcon.colcon_core.package_identification:_identify(/home/kenan/robovolc/robovolc) by extension 'ignore'
[0.216s] Level 1:colcon.colcon_core.package_identification:_identify(/home/kenan/robovolc/robovolc) by extension 'ignore_ament_install'
[0.216s] Level 1:colcon.colcon_core.package_identification:_identify(/home/kenan/robovolc/robovolc) by extensions ['colcon_pkg']
[0.216s] Level 1:colcon.colcon_core.package_identification:_identify(/home/kenan/robovolc/robovolc) by extension 'colcon_pkg'
[0.216s] Level 1:colcon.colcon_core.package_identification:_identify(/home/kenan/robovolc/robovolc) by extensions ['colcon_meta']
[0.216s] Level 1:colcon.colcon_core.package_identification:_identify(/home/kenan/robovolc/robovolc) by extension 'colcon_meta'
[0.217s] Level 1:colcon.colcon_core.package_identification:_identify(/home/kenan/robovolc/robovolc) by extensions ['ros']
[0.217s] Level 1:colcon.colcon_core.package_identification:_identify(/home/kenan/robovolc/robovolc) by extension 'ros'
[0.228s] Level 1:colcon.colcon_core.package_identification:_identify(/home/kenan/robovolc/robovolc) by extensions ['cmake', 'python']
[0.228s] Level 1:colcon.colcon_core.package_identification:_identify(/home/kenan/robovolc/robovolc) by extension 'cmake'
[0.228s] Level 1:colcon.colcon_core.package_identification:_identify(/home/kenan/robovolc/robovolc) by extension 'python'
[0.228s] Level 1:colcon.colcon_core.package_identification:_identify(/home/kenan/robovolc/robovolc) by extensions ['python_setup_py']
[0.228s] Level 1:colcon.colcon_core.package_identification:_identify(/home/kenan/robovolc/robovolc) by extension 'python_setup_py'
[0.228s] Level 1:colcon.colcon_core.package_identification:_identify(/home/kenan/robovolc/robovolc/log) by extensions ['ignore', 'ignore_ament_install']
[0.228s] Level 1:colcon.colcon_core.package_identification:_identify(/home/kenan/robovolc/robovolc/log) by extension 'ignore'
[0.228s] Level 1:colcon.colcon_core.package_identification:_identify(/home/kenan/robovolc/robovolc/log) ignored
[0.228s] Level 1:colcon.colcon_core.package_identification:_identify(/home/kenan/robovolc/robovolc/src) by extensions ['ignore', 'ignore_ament_install']
[0.228s] Level 1:colcon.colcon_core.package_identification:_identify(/home/kenan/robovolc/robovolc/src) by extension 'ignore'
[0.229s] Level 1:colcon.colcon_core.package_identification:_identify(/home/kenan/robovolc/robovolc/src) by extension 'ignore_ament_install'
[0.229s] Level 1:colcon.colcon_core.package_identification:_identify(/home/kenan/robovolc/robovolc/src) by extensions ['colcon_pkg']
[0.229s] Level 1:colcon.colcon_core.package_identification:_identify(/home/kenan/robovolc/robovolc/src) by extension 'colcon_pkg'
[0.229s] Level 1:colcon.colcon_core.package_identification:_identify(/home/kenan/robovolc/robovolc/src) by extensions ['colcon_meta']
[0.229s] Level 1:colcon.colcon_core.package_identification:_identify(/home/kenan/robovolc/robovolc/src) by extension 'colcon_meta'
[0.229s] Level 1:colcon.colcon_core.package_identification:_identify(/home/kenan/robovolc/robovolc/src) by extensions ['ros']
[0.229s] Level 1:colcon.colcon_core.package_identification:_identify(/home/kenan/robovolc/robovolc/src) by extension 'ros'
[0.229s] Level 1:colcon.colcon_core.package_identification:_identify(/home/kenan/robovolc/robovolc/src) by extensions ['cmake', 'python']
[0.229s] Level 1:colcon.colcon_core.package_identification:_identify(/home/kenan/robovolc/robovolc/src) by extension 'cmake'
[0.229s] Level 1:colcon.colcon_core.package_identification:_identify(/home/kenan/robovolc/robovolc/src) by extension 'python'
[0.229s] Level 1:colcon.colcon_core.package_identification:_identify(/home/kenan/robovolc/robovolc/src) by extensions ['python_setup_py']
[0.229s] Level 1:colcon.colcon_core.package_identification:_identify(/home/kenan/robovolc/robovolc/src) by extension 'python_setup_py'
[0.229s] Level 1:colcon.colcon_core.package_identification:_identify(/home/kenan/robovolc/robovolc/src/robov) by extensions ['ignore', 'ignore_ament_install']
[0.229s] Level 1:colcon.colcon_core.package_identification:_identify(/home/kenan/robovolc/robovolc/src/robov) by extension 'ignore'
[0.229s] Level 1:colcon.colcon_core.package_identification:_identify(/home/kenan/robovolc/robovolc/src/robov) by extension 'ignore_ament_install'
[0.229s] Level 1:colcon.colcon_core.package_identification:_identify(/home/kenan/robovolc/robovolc/src/robov) by extensions ['colcon_pkg']
[0.229s] Level 1:colcon.colcon_core.package_identification:_identify(/home/kenan/robovolc/robovolc/src/robov) by extension 'colcon_pkg'
[0.229s] Level 1:colcon.colcon_core.package_identification:_identify(/home/kenan/robovolc/robovolc/src/robov) by extensions ['colcon_meta']
[0.229s] Level 1:colcon.colcon_core.package_identification:_identify(/home/kenan/robovolc/robovolc/src/robov) by extension 'colcon_meta'
[0.230s] Level 1:colcon.colcon_core.package_identification:_identify(/home/kenan/robovolc/robovolc/src/robov) by extensions ['ros']
[0.230s] Level 1:colcon.colcon_core.package_identification:_identify(/home/kenan/robovolc/robovolc/src/robov) by extension 'ros'
[0.232s] DEBUG:colcon.colcon_core.package_identification:Package '/home/kenan/robovolc/robovolc/src/robov' with type 'ros.ament_python' and name 'robov'
[0.232s] Level 1:colcon.colcon_core.package_discovery:discover_packages(recursive) using defaults
