running egg_info
writing ../../build/py_pysub/py_pysub.egg-info/PKG-INFO
writing dependency_links to ../../build/py_pysub/py_pysub.egg-info/dependency_links.txt
writing entry points to ../../build/py_pysub/py_pysub.egg-info/entry_points.txt
writing requirements to ../../build/py_pysub/py_pysub.egg-info/requires.txt
writing top-level names to ../../build/py_pysub/py_pysub.egg-info/top_level.txt
reading manifest file '../../build/py_pysub/py_pysub.egg-info/SOURCES.txt'
writing manifest file '../../build/py_pysub/py_pysub.egg-info/SOURCES.txt'
running build
running build_py
copying py_pysub/publisher_member_function.py -> /home/kenan/practice1_ws/build/py_pysub/build/lib/py_pysub
copying py_pysub/subscriber_member_function.py -> /home/kenan/practice1_ws/build/py_pysub/build/lib/py_pysub
running install
running install_lib
copying /home/kenan/practice1_ws/build/py_pysub/build/lib/py_pysub/publisher_member_function.py -> /home/kenan/practice1_ws/install/py_pysub/lib/python3.8/site-packages/py_pysub
copying /home/kenan/practice1_ws/build/py_pysub/build/lib/py_pysub/subscriber_member_function.py -> /home/kenan/practice1_ws/install/py_pysub/lib/python3.8/site-packages/py_pysub
byte-compiling /home/kenan/practice1_ws/install/py_pysub/lib/python3.8/site-packages/py_pysub/publisher_member_function.py to publisher_member_function.cpython-38.pyc
byte-compiling /home/kenan/practice1_ws/install/py_pysub/lib/python3.8/site-packages/py_pysub/subscriber_member_function.py to subscriber_member_function.cpython-38.pyc
running install_data
running install_egg_info
removing '/home/kenan/practice1_ws/install/py_pysub/lib/python3.8/site-packages/py_pysub-0.0.0-py3.8.egg-info' (and everything under it)
error removing /home/kenan/practice1_ws/install/py_pysub/lib/python3.8/site-packages/py_pysub-0.0.0-py3.8.egg-info: [Errno 13] Permission denied: '/home/kenan/practice1_ws/install/py_pysub/lib/python3.8/site-packages/py_pysub-0.0.0-py3.8.egg-info/dependency_links.txt'
error removing /home/kenan/practice1_ws/install/py_pysub/lib/python3.8/site-packages/py_pysub-0.0.0-py3.8.egg-info: [Errno 13] Permission denied: '/home/kenan/practice1_ws/install/py_pysub/lib/python3.8/site-packages/py_pysub-0.0.0-py3.8.egg-info/SOURCES.txt'
error removing /home/kenan/practice1_ws/install/py_pysub/lib/python3.8/site-packages/py_pysub-0.0.0-py3.8.egg-info: [Errno 13] Permission denied: '/home/kenan/practice1_ws/install/py_pysub/lib/python3.8/site-packages/py_pysub-0.0.0-py3.8.egg-info/entry_points.txt'
error removing /home/kenan/practice1_ws/install/py_pysub/lib/python3.8/site-packages/py_pysub-0.0.0-py3.8.egg-info: [Errno 13] Permission denied: '/home/kenan/practice1_ws/install/py_pysub/lib/python3.8/site-packages/py_pysub-0.0.0-py3.8.egg-info/top_level.txt'
error removing /home/kenan/practice1_ws/install/py_pysub/lib/python3.8/site-packages/py_pysub-0.0.0-py3.8.egg-info: [Errno 13] Permission denied: '/home/kenan/practice1_ws/install/py_pysub/lib/python3.8/site-packages/py_pysub-0.0.0-py3.8.egg-info/zip-safe'
error removing /home/kenan/practice1_ws/install/py_pysub/lib/python3.8/site-packages/py_pysub-0.0.0-py3.8.egg-info: [Errno 13] Permission denied: '/home/kenan/practice1_ws/install/py_pysub/lib/python3.8/site-packages/py_pysub-0.0.0-py3.8.egg-info/requires.txt'
error removing /home/kenan/practice1_ws/install/py_pysub/lib/python3.8/site-packages/py_pysub-0.0.0-py3.8.egg-info: [Errno 13] Permission denied: '/home/kenan/practice1_ws/install/py_pysub/lib/python3.8/site-packages/py_pysub-0.0.0-py3.8.egg-info/PKG-INFO'
error removing /home/kenan/practice1_ws/install/py_pysub/lib/python3.8/site-packages/py_pysub-0.0.0-py3.8.egg-info: [Errno 39] Directory not empty: '/home/kenan/practice1_ws/install/py_pysub/lib/python3.8/site-packages/py_pysub-0.0.0-py3.8.egg-info'
Copying ../../build/py_pysub/py_pysub.egg-info to /home/kenan/practice1_ws/install/py_pysub/lib/python3.8/site-packages/py_pysub-0.0.0-py3.8.egg-info
error: [Errno 13] Permission denied: '/home/kenan/practice1_ws/install/py_pysub/lib/python3.8/site-packages/py_pysub-0.0.0-py3.8.egg-info/dependency_links.txt'
