[4.016s] Invoking command in '/home/kenan/practice1_ws/src/py_pysub': PYTHONPATH=/home/kenan/practice1_ws/install/py_pysub/lib/python3.8/site-packages:${PYTHONPATH} /usr/bin/python3 setup.py egg_info --egg-base ../../build/py_pysub build --build-base /home/kenan/practice1_ws/build/py_pysub/build install --prefix /home/kenan/practice1_ws/install/py_pysub --record /home/kenan/practice1_ws/build/py_pysub/install.log --single-version-externally-managed
[4.244s] running egg_info
[4.245s] writing ../../build/py_pysub/py_pysub.egg-info/PKG-INFO
[4.245s] writing dependency_links to ../../build/py_pysub/py_pysub.egg-info/dependency_links.txt
[4.245s] writing entry points to ../../build/py_pysub/py_pysub.egg-info/entry_points.txt
[4.245s] writing requirements to ../../build/py_pysub/py_pysub.egg-info/requires.txt
[4.245s] writing top-level names to ../../build/py_pysub/py_pysub.egg-info/top_level.txt
[4.355s] reading manifest file '../../build/py_pysub/py_pysub.egg-info/SOURCES.txt'
[4.375s] writing manifest file '../../build/py_pysub/py_pysub.egg-info/SOURCES.txt'
[4.375s] running build
[4.375s] running build_py
[4.375s] running install
[4.376s] running install_lib
[4.377s] running install_data
[4.378s] running install_egg_info
[4.379s] removing '/home/kenan/practice1_ws/install/py_pysub/lib/python3.8/site-packages/py_pysub-0.0.0-py3.8.egg-info' (and everything under it)
[4.379s] Copying ../../build/py_pysub/py_pysub.egg-info to /home/kenan/practice1_ws/install/py_pysub/lib/python3.8/site-packages/py_pysub-0.0.0-py3.8.egg-info
[4.395s] running install_scripts
[4.410s] Installing listener script to /home/kenan/practice1_ws/install/py_pysub/lib/py_pysub
[4.410s] Installing talker script to /home/kenan/practice1_ws/install/py_pysub/lib/py_pysub
[4.410s] writing list of installed files to '/home/kenan/practice1_ws/build/py_pysub/install.log'
[4.502s] Invoked command in '/home/kenan/practice1_ws/src/py_pysub' returned '0': PYTHONPATH=/home/kenan/practice1_ws/install/py_pysub/lib/python3.8/site-packages:${PYTHONPATH} /usr/bin/python3 setup.py egg_info --egg-base ../../build/py_pysub build --build-base /home/kenan/practice1_ws/build/py_pysub/build install --prefix /home/kenan/practice1_ws/install/py_pysub --record /home/kenan/practice1_ws/build/py_pysub/install.log --single-version-externally-managed
