running egg_info
writing ../../../../build/publisher_python/publisher_python.egg-info/PKG-INFO
writing dependency_links to ../../../../build/publisher_python/publisher_python.egg-info/dependency_links.txt
writing entry points to ../../../../build/publisher_python/publisher_python.egg-info/entry_points.txt
writing requirements to ../../../../build/publisher_python/publisher_python.egg-info/requires.txt
writing top-level names to ../../../../build/publisher_python/publisher_python.egg-info/top_level.txt
reading manifest file '../../../../build/publisher_python/publisher_python.egg-info/SOURCES.txt'
writing manifest file '../../../../build/publisher_python/publisher_python.egg-info/SOURCES.txt'
running build
running build_py
running install
running install_lib
running install_data
running install_egg_info
removing '/media/kenan/kenan-acads/thesis/robot-alignment-thesis/install/publisher_python/lib/python3.8/site-packages/publisher_python-0.0.0-py3.8.egg-info' (and everything under it)
Copying ../../../../build/publisher_python/publisher_python.egg-info to /media/kenan/kenan-acads/thesis/robot-alignment-thesis/install/publisher_python/lib/python3.8/site-packages/publisher_python-0.0.0-py3.8.egg-info
running install_scripts
Installing listener script to /media/kenan/kenan-acads/thesis/robot-alignment-thesis/install/publisher_python/lib/publisher-python
Installing talker script to /media/kenan/kenan-acads/thesis/robot-alignment-thesis/install/publisher_python/lib/publisher-python
writing list of installed files to '/media/kenan/kenan-acads/thesis/robot-alignment-thesis/build/publisher_python/install.log'
