running egg_info
writing ../../../../build/py_pysub/py_pysub.egg-info/PKG-INFO
writing dependency_links to ../../../../build/py_pysub/py_pysub.egg-info/dependency_links.txt
writing entry points to ../../../../build/py_pysub/py_pysub.egg-info/entry_points.txt
writing requirements to ../../../../build/py_pysub/py_pysub.egg-info/requires.txt
writing top-level names to ../../../../build/py_pysub/py_pysub.egg-info/top_level.txt
reading manifest file '../../../../build/py_pysub/py_pysub.egg-info/SOURCES.txt'
writing manifest file '../../../../build/py_pysub/py_pysub.egg-info/SOURCES.txt'
running build
running build_py
running install
running install_lib
running install_data
running install_egg_info
removing '/media/kenan/kenan-acads/thesis/robot-alignment-thesis/install/py_pysub/lib/python3.8/site-packages/py_pysub-0.0.0-py3.8.egg-info' (and everything under it)
Copying ../../../../build/py_pysub/py_pysub.egg-info to /media/kenan/kenan-acads/thesis/robot-alignment-thesis/install/py_pysub/lib/python3.8/site-packages/py_pysub-0.0.0-py3.8.egg-info
running install_scripts
Installing commander script to /media/kenan/kenan-acads/thesis/robot-alignment-thesis/install/py_pysub/lib/py_pysub
Installing listener script to /media/kenan/kenan-acads/thesis/robot-alignment-thesis/install/py_pysub/lib/py_pysub
Installing talker script to /media/kenan/kenan-acads/thesis/robot-alignment-thesis/install/py_pysub/lib/py_pysub
writing list of installed files to '/media/kenan/kenan-acads/thesis/robot-alignment-thesis/build/py_pysub/install.log'
