[0.636s] Invoking command in '/media/kenan/kenan-acads/thesis/robot-alignment-thesis/ros2_ws/practice_ws/src/py_pysub': PYTHONPATH=/media/kenan/kenan-acads/thesis/robot-alignment-thesis/install/py_pysub/lib/python3.8/site-packages:${PYTHONPATH} /usr/bin/python3 setup.py egg_info --egg-base ../../../../build/py_pysub build --build-base /media/kenan/kenan-acads/thesis/robot-alignment-thesis/build/py_pysub/build install --prefix /media/kenan/kenan-acads/thesis/robot-alignment-thesis/install/py_pysub --record /media/kenan/kenan-acads/thesis/robot-alignment-thesis/build/py_pysub/install.log --single-version-externally-managed
[0.852s] running egg_info
[0.853s] writing ../../../../build/py_pysub/py_pysub.egg-info/PKG-INFO
[0.853s] writing dependency_links to ../../../../build/py_pysub/py_pysub.egg-info/dependency_links.txt
[0.853s] writing entry points to ../../../../build/py_pysub/py_pysub.egg-info/entry_points.txt
[0.854s] writing requirements to ../../../../build/py_pysub/py_pysub.egg-info/requires.txt
[0.854s] writing top-level names to ../../../../build/py_pysub/py_pysub.egg-info/top_level.txt
[0.886s] reading manifest file '../../../../build/py_pysub/py_pysub.egg-info/SOURCES.txt'
[0.889s] writing manifest file '../../../../build/py_pysub/py_pysub.egg-info/SOURCES.txt'
[0.889s] running build
[0.889s] running build_py
[0.890s] running install
[0.892s] running install_lib
[0.896s] running install_data
[0.897s] running install_egg_info
[0.899s] removing '/media/kenan/kenan-acads/thesis/robot-alignment-thesis/install/py_pysub/lib/python3.8/site-packages/py_pysub-0.0.0-py3.8.egg-info' (and everything under it)
[0.902s] Copying ../../../../build/py_pysub/py_pysub.egg-info to /media/kenan/kenan-acads/thesis/robot-alignment-thesis/install/py_pysub/lib/python3.8/site-packages/py_pysub-0.0.0-py3.8.egg-info
[0.911s] running install_scripts
[0.927s] Installing commander script to /media/kenan/kenan-acads/thesis/robot-alignment-thesis/install/py_pysub/lib/py_pysub
[0.928s] Installing listener script to /media/kenan/kenan-acads/thesis/robot-alignment-thesis/install/py_pysub/lib/py_pysub
[0.928s] Installing talker script to /media/kenan/kenan-acads/thesis/robot-alignment-thesis/install/py_pysub/lib/py_pysub
[0.929s] writing list of installed files to '/media/kenan/kenan-acads/thesis/robot-alignment-thesis/build/py_pysub/install.log'
[0.951s] Invoked command in '/media/kenan/kenan-acads/thesis/robot-alignment-thesis/ros2_ws/practice_ws/src/py_pysub' returned '0': PYTHONPATH=/media/kenan/kenan-acads/thesis/robot-alignment-thesis/install/py_pysub/lib/python3.8/site-packages:${PYTHONPATH} /usr/bin/python3 setup.py egg_info --egg-base ../../../../build/py_pysub build --build-base /media/kenan/kenan-acads/thesis/robot-alignment-thesis/build/py_pysub/build install --prefix /media/kenan/kenan-acads/thesis/robot-alignment-thesis/install/py_pysub --record /media/kenan/kenan-acads/thesis/robot-alignment-thesis/build/py_pysub/install.log --single-version-externally-managed
