running egg_info
writing ../../build/robov/robov.egg-info/PKG-INFO
writing dependency_links to ../../build/robov/robov.egg-info/dependency_links.txt
writing entry points to ../../build/robov/robov.egg-info/entry_points.txt
writing requirements to ../../build/robov/robov.egg-info/requires.txt
writing top-level names to ../../build/robov/robov.egg-info/top_level.txt
reading manifest file '../../build/robov/robov.egg-info/SOURCES.txt'
writing manifest file '../../build/robov/robov.egg-info/SOURCES.txt'
running build
running build_py
copying robov/commander.py -> /home/kenan/robovolc/robovolc/build/robov/build/lib/robov
running install
running install_lib
copying /home/kenan/robovolc/robovolc/build/robov/build/lib/robov/commander.py -> /home/kenan/robovolc/robovolc/install/robov/lib/python3.8/site-packages/robov
byte-compiling /home/kenan/robovolc/robovolc/install/robov/lib/python3.8/site-packages/robov/commander.py to commander.cpython-38.pyc
running install_data
running install_egg_info
removing '/home/kenan/robovolc/robovolc/install/robov/lib/python3.8/site-packages/robov-0.0.0-py3.8.egg-info' (and everything under it)
Copying ../../build/robov/robov.egg-info to /home/kenan/robovolc/robovolc/install/robov/lib/python3.8/site-packages/robov-0.0.0-py3.8.egg-info
running install_scripts
Installing commander script to /home/kenan/robovolc/robovolc/install/robov/lib/robov
Installing listener script to /home/kenan/robovolc/robovolc/install/robov/lib/robov
Installing talker script to /home/kenan/robovolc/robovolc/install/robov/lib/robov
writing list of installed files to '/home/kenan/robovolc/robovolc/build/robov/install.log'
