running egg_info
writing ../../build/robov/robov.egg-info/PKG-INFO
writing dependency_links to ../../build/robov/robov.egg-info/dependency_links.txt
writing entry points to ../../build/robov/robov.egg-info/entry_points.txt
writing requirements to ../../build/robov/robov.egg-info/requires.txt
writing top-level names to ../../build/robov/robov.egg-info/top_level.txt
reading manifest file '../../build/robov/robov.egg-info/SOURCES.txt'
writing manifest file '../../build/robov/robov.egg-info/SOURCES.txt'
running build
running build_py
copying robov/commander.py -> /home/kenan/robovolc/robovolc/build/robov/build/lib/robov
running install
running install_lib
copying /home/kenan/robovolc/robovolc/build/robov/build/lib/robov/commander.py -> /home/kenan/robovolc/robovolc/install/robov/lib/python3.8/site-packages/robov
byte-compiling /home/kenan/robovolc/robovolc/install/robov/lib/python3.8/site-packages/robov/commander.py to commander.cpython-38.pyc
running install_data
running install_egg_info
removing '/home/kenan/robovolc/robovolc/install/robov/lib/python3.8/site-packages/robov-0.0.0-py3.8.egg-info' (and everything under it)
error removing /home/kenan/robovolc/robovolc/install/robov/lib/python3.8/site-packages/robov-0.0.0-py3.8.egg-info: [Errno 13] Permission denied: '/home/kenan/robovolc/robovolc/install/robov/lib/python3.8/site-packages/robov-0.0.0-py3.8.egg-info/dependency_links.txt'
Copying ../../build/robov/robov.egg-info to /home/kenan/robovolc/robovolc/install/robov/lib/python3.8/site-packages/robov-0.0.0-py3.8.egg-info
error removing /home/kenan/robovolc/robovolc/install/robov/lib/python3.8/site-packages/robov-0.0.0-py3.8.egg-info: [Errno 13] Permission denied: '/home/kenan/robovolc/robovolc/install/robov/lib/python3.8/site-packages/robov-0.0.0-py3.8.egg-info/SOURCES.txt'
error removing /home/kenan/robovolc/robovolc/install/robov/lib/python3.8/site-packages/robov-0.0.0-py3.8.egg-info: [Errno 13] Permission denied: '/home/kenan/robovolc/robovolc/install/robov/lib/python3.8/site-packages/robov-0.0.0-py3.8.egg-info/entry_points.txt'
error removing /home/kenan/robovolc/robovolc/install/robov/lib/python3.8/site-packages/robov-0.0.0-py3.8.egg-info: [Errno 13] Permission denied: '/home/kenan/robovolc/robovolc/install/robov/lib/python3.8/site-packages/robov-0.0.0-py3.8.egg-info/top_level.txt'
error removing /home/kenan/robovolc/robovolc/install/robov/lib/python3.8/site-packages/robov-0.0.0-py3.8.egg-info: [Errno 13] Permission denied: '/home/kenan/robovolc/robovolc/install/robov/lib/python3.8/site-packages/robov-0.0.0-py3.8.egg-info/zip-safe'
error removing /home/kenan/robovolc/robovolc/install/robov/lib/python3.8/site-packages/robov-0.0.0-py3.8.egg-info: [Errno 13] Permission denied: '/home/kenan/robovolc/robovolc/install/robov/lib/python3.8/site-packages/robov-0.0.0-py3.8.egg-info/requires.txt'
error removing /home/kenan/robovolc/robovolc/install/robov/lib/python3.8/site-packages/robov-0.0.0-py3.8.egg-info: [Errno 13] Permission denied: '/home/kenan/robovolc/robovolc/install/robov/lib/python3.8/site-packages/robov-0.0.0-py3.8.egg-info/PKG-INFO'
error removing /home/kenan/robovolc/robovolc/install/robov/lib/python3.8/site-packages/robov-0.0.0-py3.8.egg-info: [Errno 39] Directory not empty: '/home/kenan/robovolc/robovolc/install/robov/lib/python3.8/site-packages/robov-0.0.0-py3.8.egg-info'
error: [Errno 13] Permission denied: '/home/kenan/robovolc/robovolc/install/robov/lib/python3.8/site-packages/robov-0.0.0-py3.8.egg-info/dependency_links.txt'
