[0.588s] Invoking command in '/home/kenan/practice1_ws/src/py_pysub': PYTHONPATH=/home/kenan/practice1_ws/install/py_pysub/lib/python3.8/site-packages:${PYTHONPATH} /usr/bin/python3 setup.py egg_info --egg-base ../../build/py_pysub build --build-base /home/kenan/practice1_ws/build/py_pysub/build install --prefix /home/kenan/practice1_ws/install/py_pysub --record /home/kenan/practice1_ws/build/py_pysub/install.log --single-version-externally-managed
[0.799s] running egg_info
[0.800s] writing ../../build/py_pysub/py_pysub.egg-info/PKG-INFO
[0.800s] writing dependency_links to ../../build/py_pysub/py_pysub.egg-info/dependency_links.txt
[0.800s] writing entry points to ../../build/py_pysub/py_pysub.egg-info/entry_points.txt
[0.800s] writing requirements to ../../build/py_pysub/py_pysub.egg-info/requires.txt
[0.800s] writing top-level names to ../../build/py_pysub/py_pysub.egg-info/top_level.txt
[0.832s] reading manifest file '../../build/py_pysub/py_pysub.egg-info/SOURCES.txt'
[0.832s] writing manifest file '../../build/py_pysub/py_pysub.egg-info/SOURCES.txt'
[0.832s] running build
[0.832s] running build_py
[0.833s] copying py_pysub/publisher_member_function.py -> /home/kenan/practice1_ws/build/py_pysub/build/lib/py_pysub
[0.833s] running install
[0.833s] running install_lib
[0.834s] copying /home/kenan/practice1_ws/build/py_pysub/build/lib/py_pysub/publisher_member_function.py -> /home/kenan/practice1_ws/install/py_pysub/lib/python3.8/site-packages/py_pysub
[0.835s] byte-compiling /home/kenan/practice1_ws/install/py_pysub/lib/python3.8/site-packages/py_pysub/publisher_member_function.py to publisher_member_function.cpython-38.pyc
[0.836s] running install_data
[0.836s] running install_egg_info
[0.838s] removing '/home/kenan/practice1_ws/install/py_pysub/lib/python3.8/site-packages/py_pysub-0.0.0-py3.8.egg-info' (and everything under it)
[0.838s] Copying ../../build/py_pysub/py_pysub.egg-info to /home/kenan/practice1_ws/install/py_pysub/lib/python3.8/site-packages/py_pysub-0.0.0-py3.8.egg-info
[0.839s] running install_scripts
[0.853s] Installing listener script to /home/kenan/practice1_ws/install/py_pysub/lib/py_pysub
[0.853s] Installing talker script to /home/kenan/practice1_ws/install/py_pysub/lib/py_pysub
[0.854s] writing list of installed files to '/home/kenan/practice1_ws/build/py_pysub/install.log'
[0.872s] Invoked command in '/home/kenan/practice1_ws/src/py_pysub' returned '0': PYTHONPATH=/home/kenan/practice1_ws/install/py_pysub/lib/python3.8/site-packages:${PYTHONPATH} /usr/bin/python3 setup.py egg_info --egg-base ../../build/py_pysub build --build-base /home/kenan/practice1_ws/build/py_pysub/build install --prefix /home/kenan/practice1_ws/install/py_pysub --record /home/kenan/practice1_ws/build/py_pysub/install.log --single-version-externally-managed
