/home/kenan/robovolc/robovolc/install/robov/lib/python3.8/site-packages/robov/__init__.py
/home/kenan/robovolc/robovolc/install/robov/lib/python3.8/site-packages/robov/publisher_member_function.py
/home/kenan/robovolc/robovolc/install/robov/lib/python3.8/site-packages/robov/commander.py
/home/kenan/robovolc/robovolc/install/robov/lib/python3.8/site-packages/robov/subscriber_member_function.py
/home/kenan/robovolc/robovolc/install/robov/lib/python3.8/site-packages/robov/__pycache__/__init__.cpython-38.pyc
/home/kenan/robovolc/robovolc/install/robov/lib/python3.8/site-packages/robov/__pycache__/publisher_member_function.cpython-38.pyc
/home/kenan/robovolc/robovolc/install/robov/lib/python3.8/site-packages/robov/__pycache__/commander.cpython-38.pyc
/home/kenan/robovolc/robovolc/install/robov/lib/python3.8/site-packages/robov/__pycache__/subscriber_member_function.cpython-38.pyc
/home/kenan/robovolc/robovolc/install/robov/share/ament_index/resource_index/packages/robov
/home/kenan/robovolc/robovolc/install/robov/share/robov/package.xml
/home/kenan/robovolc/robovolc/install/robov/lib/python3.8/site-packages/robov-0.0.0-py3.8.egg-info/dependency_links.txt
/home/kenan/robovolc/robovolc/install/robov/lib/python3.8/site-packages/robov-0.0.0-py3.8.egg-info/SOURCES.txt
/home/kenan/robovolc/robovolc/install/robov/lib/python3.8/site-packages/robov-0.0.0-py3.8.egg-info/entry_points.txt
/home/kenan/robovolc/robovolc/install/robov/lib/python3.8/site-packages/robov-0.0.0-py3.8.egg-info/top_level.txt
/home/kenan/robovolc/robovolc/install/robov/lib/python3.8/site-packages/robov-0.0.0-py3.8.egg-info/zip-safe
/home/kenan/robovolc/robovolc/install/robov/lib/python3.8/site-packages/robov-0.0.0-py3.8.egg-info/requires.txt
/home/kenan/robovolc/robovolc/install/robov/lib/python3.8/site-packages/robov-0.0.0-py3.8.egg-info/PKG-INFO
/home/kenan/robovolc/robovolc/install/robov/lib/robov/commander
/home/kenan/robovolc/robovolc/install/robov/lib/robov/listener
/home/kenan/robovolc/robovolc/install/robov/lib/robov/talker
