[0.514s] Invoking command in '/home/kenan/practice1_ws/src/py_pysub': PYTHONPATH=/home/kenan/practice1_ws/install/py_pysub/lib/python3.8/site-packages:${PYTHONPATH} /usr/bin/python3 setup.py egg_info --egg-base ../../build/py_pysub build --build-base /home/kenan/practice1_ws/build/py_pysub/build install --prefix /home/kenan/practice1_ws/install/py_pysub --record /home/kenan/practice1_ws/build/py_pysub/install.log --single-version-externally-managed
[0.700s] running egg_info
[0.701s] creating ../../build/py_pysub/py_pysub.egg-info
[0.701s] writing ../../build/py_pysub/py_pysub.egg-info/PKG-INFO
[0.701s] writing dependency_links to ../../build/py_pysub/py_pysub.egg-info/dependency_links.txt
[0.701s] writing entry points to ../../build/py_pysub/py_pysub.egg-info/entry_points.txt
[0.701s] writing requirements to ../../build/py_pysub/py_pysub.egg-info/requires.txt
[0.702s] writing top-level names to ../../build/py_pysub/py_pysub.egg-info/top_level.txt
[0.702s] writing manifest file '../../build/py_pysub/py_pysub.egg-info/SOURCES.txt'
[0.730s] reading manifest file '../../build/py_pysub/py_pysub.egg-info/SOURCES.txt'
[0.730s] writing manifest file '../../build/py_pysub/py_pysub.egg-info/SOURCES.txt'
[0.730s] running build
[0.731s] running build_py
[0.731s] creating /home/kenan/practice1_ws/build/py_pysub/build
[0.731s] creating /home/kenan/practice1_ws/build/py_pysub/build/lib
[0.731s] creating /home/kenan/practice1_ws/build/py_pysub/build/lib/py_pysub
[0.731s] copying py_pysub/__init__.py -> /home/kenan/practice1_ws/build/py_pysub/build/lib/py_pysub
[0.731s] copying py_pysub/publisher_member_function.py -> /home/kenan/practice1_ws/build/py_pysub/build/lib/py_pysub
[0.731s] copying py_pysub/subscriber_member_function.py -> /home/kenan/practice1_ws/build/py_pysub/build/lib/py_pysub
[0.731s] running install
[0.732s] running install_lib
[0.732s] creating /home/kenan/practice1_ws/install/py_pysub/lib/python3.8/site-packages/py_pysub
[0.732s] copying /home/kenan/practice1_ws/build/py_pysub/build/lib/py_pysub/__init__.py -> /home/kenan/practice1_ws/install/py_pysub/lib/python3.8/site-packages/py_pysub
[0.732s] copying /home/kenan/practice1_ws/build/py_pysub/build/lib/py_pysub/publisher_member_function.py -> /home/kenan/practice1_ws/install/py_pysub/lib/python3.8/site-packages/py_pysub
[0.732s] copying /home/kenan/practice1_ws/build/py_pysub/build/lib/py_pysub/subscriber_member_function.py -> /home/kenan/practice1_ws/install/py_pysub/lib/python3.8/site-packages/py_pysub
[0.733s] byte-compiling /home/kenan/practice1_ws/install/py_pysub/lib/python3.8/site-packages/py_pysub/__init__.py to __init__.cpython-38.pyc
[0.734s] byte-compiling /home/kenan/practice1_ws/install/py_pysub/lib/python3.8/site-packages/py_pysub/publisher_member_function.py to publisher_member_function.cpython-38.pyc
[0.734s] byte-compiling /home/kenan/practice1_ws/install/py_pysub/lib/python3.8/site-packages/py_pysub/subscriber_member_function.py to subscriber_member_function.cpython-38.pyc
[0.734s] running install_data
[0.734s] creating /home/kenan/practice1_ws/install/py_pysub/share/ament_index
[0.735s] creating /home/kenan/practice1_ws/install/py_pysub/share/ament_index/resource_index
[0.735s] creating /home/kenan/practice1_ws/install/py_pysub/share/ament_index/resource_index/packages
[0.735s] copying resource/py_pysub -> /home/kenan/practice1_ws/install/py_pysub/share/ament_index/resource_index/packages
[0.735s] copying package.xml -> /home/kenan/practice1_ws/install/py_pysub/share/py_pysub
[0.735s] running install_egg_info
[0.736s] Copying ../../build/py_pysub/py_pysub.egg-info to /home/kenan/practice1_ws/install/py_pysub/lib/python3.8/site-packages/py_pysub-0.0.0-py3.8.egg-info
[0.736s] running install_scripts
[0.750s] Installing listener script to /home/kenan/practice1_ws/install/py_pysub/lib/py_pysub
[0.750s] Installing talker script to /home/kenan/practice1_ws/install/py_pysub/lib/py_pysub
[0.750s] writing list of installed files to '/home/kenan/practice1_ws/build/py_pysub/install.log'
[0.765s] Invoked command in '/home/kenan/practice1_ws/src/py_pysub' returned '0': PYTHONPATH=/home/kenan/practice1_ws/install/py_pysub/lib/python3.8/site-packages:${PYTHONPATH} /usr/bin/python3 setup.py egg_info --egg-base ../../build/py_pysub build --build-base /home/kenan/practice1_ws/build/py_pysub/build install --prefix /home/kenan/practice1_ws/install/py_pysub --record /home/kenan/practice1_ws/build/py_pysub/install.log --single-version-externally-managed
