[0.566s] Invoking command in '/home/kenan/practice1_ws/src/py_pysub': PYTHONPATH=/home/kenan/practice1_ws/install/py_pysub/lib/python3.8/site-packages:${PYTHONPATH} /usr/bin/python3 setup.py egg_info --egg-base ../../build/py_pysub build --build-base /home/kenan/practice1_ws/build/py_pysub/build install --prefix /home/kenan/practice1_ws/install/py_pysub --record /home/kenan/practice1_ws/build/py_pysub/install.log --single-version-externally-managed
[0.795s] running egg_info
[0.795s] writing ../../build/py_pysub/py_pysub.egg-info/PKG-INFO
[0.796s] writing dependency_links to ../../build/py_pysub/py_pysub.egg-info/dependency_links.txt
[0.796s] writing entry points to ../../build/py_pysub/py_pysub.egg-info/entry_points.txt
[0.796s] writing requirements to ../../build/py_pysub/py_pysub.egg-info/requires.txt
[0.796s] writing top-level names to ../../build/py_pysub/py_pysub.egg-info/top_level.txt
[0.827s] reading manifest file '../../build/py_pysub/py_pysub.egg-info/SOURCES.txt'
[0.828s] writing manifest file '../../build/py_pysub/py_pysub.egg-info/SOURCES.txt'
[0.828s] running build
[0.828s] running build_py
[0.828s] copying py_pysub/publisher_member_function.py -> /home/kenan/practice1_ws/build/py_pysub/build/lib/py_pysub
[0.828s] running install
[0.829s] running install_lib
[0.830s] copying /home/kenan/practice1_ws/build/py_pysub/build/lib/py_pysub/publisher_member_function.py -> /home/kenan/practice1_ws/install/py_pysub/lib/python3.8/site-packages/py_pysub
[0.830s] byte-compiling /home/kenan/practice1_ws/install/py_pysub/lib/python3.8/site-packages/py_pysub/publisher_member_function.py to publisher_member_function.cpython-38.pyc
[0.831s] running install_data
[0.832s] running install_egg_info
[0.833s] removing '/home/kenan/practice1_ws/install/py_pysub/lib/python3.8/site-packages/py_pysub-0.0.0-py3.8.egg-info' (and everything under it)
[0.833s] Copying ../../build/py_pysub/py_pysub.egg-info to /home/kenan/practice1_ws/install/py_pysub/lib/python3.8/site-packages/py_pysub-0.0.0-py3.8.egg-info
[0.834s] running install_scripts
[0.849s] Installing listener script to /home/kenan/practice1_ws/install/py_pysub/lib/py_pysub
[0.849s] Installing talker script to /home/kenan/practice1_ws/install/py_pysub/lib/py_pysub
[0.849s] writing list of installed files to '/home/kenan/practice1_ws/build/py_pysub/install.log'
[0.868s] Invoked command in '/home/kenan/practice1_ws/src/py_pysub' returned '0': PYTHONPATH=/home/kenan/practice1_ws/install/py_pysub/lib/python3.8/site-packages:${PYTHONPATH} /usr/bin/python3 setup.py egg_info --egg-base ../../build/py_pysub build --build-base /home/kenan/practice1_ws/build/py_pysub/build install --prefix /home/kenan/practice1_ws/install/py_pysub --record /home/kenan/practice1_ws/build/py_pysub/install.log --single-version-externally-managed
