running egg_info
writing ../../build/publisher_python/publisher_python.egg-info/PKG-INFO
writing dependency_links to ../../build/publisher_python/publisher_python.egg-info/dependency_links.txt
writing entry points to ../../build/publisher_python/publisher_python.egg-info/entry_points.txt
writing requirements to ../../build/publisher_python/publisher_python.egg-info/requires.txt
writing top-level names to ../../build/publisher_python/publisher_python.egg-info/top_level.txt
reading manifest file '../../build/publisher_python/publisher_python.egg-info/SOURCES.txt'
writing manifest file '../../build/publisher_python/publisher_python.egg-info/SOURCES.txt'
running build
running build_py
copying publisher_python/subscriber.py -> /home/kenan/practice1_ws/build/publisher_python/build/lib/publisher_python
running install
running install_lib
copying /home/kenan/practice1_ws/build/publisher_python/build/lib/publisher_python/subscriber.py -> /home/kenan/practice1_ws/install/publisher_python/lib/python3.8/site-packages/publisher_python
byte-compiling /home/kenan/practice1_ws/install/publisher_python/lib/python3.8/site-packages/publisher_python/subscriber.py to subscriber.cpython-38.pyc
running install_data
running install_egg_info
removing '/home/kenan/practice1_ws/install/publisher_python/lib/python3.8/site-packages/publisher_python-0.0.0-py3.8.egg-info' (and everything under it)
Copying ../../build/publisher_python/publisher_python.egg-info to /home/kenan/practice1_ws/install/publisher_python/lib/python3.8/site-packages/publisher_python-0.0.0-py3.8.egg-info
running install_scripts
Installing listener script to /home/kenan/practice1_ws/install/publisher_python/lib/publisher-python
Installing talker script to /home/kenan/practice1_ws/install/publisher_python/lib/publisher-python
writing list of installed files to '/home/kenan/practice1_ws/build/publisher_python/install.log'
