[1.816s] DEBUG:colcon:Command line arguments: ['/usr/bin/colcon', 'build']
[1.816s] DEBUG:colcon:Parsed command line arguments: Namespace(allow_overriding=[], ament_cmake_args=None, base_paths=['.'], build_base='build', catkin_cmake_args=None, catkin_skip_building_tests=False, cmake_args=None, cmake_clean_cache=False, cmake_clean_first=False, cmake_force_configure=False, cmake_target=None, cmake_target_skip_unavailable=False, continue_on_error=False, event_handlers=None, executor='parallel', ignore_user_meta=False, install_base='install', log_base=None, log_level=None, main=<bound method BuildVerb.main of <colcon_core.verb.build.BuildVerb object at 0x7f763a76e8e0>>, merge_install=False, metas=['./colcon.meta'], packages_above=None, packages_above_and_dependencies=None, packages_above_depth=None, packages_end=None, packages_ignore=None, packages_ignore_regex=None, packages_select=None, packages_select_build_failed=False, packages_select_by_dep=None, packages_select_regex=None, packages_select_test_failures=False, packages_skip=None, packages_skip_build_finished=False, packages_skip_by_dep=None, packages_skip_regex=None, packages_skip_test_passed=False, packages_skip_up_to=None, packages_start=None, packages_up_to=None, packages_up_to_regex=None, parallel_workers=6, paths=None, symlink_install=False, test_result_base=None, verb_extension=<colcon_core.verb.build.BuildVerb object at 0x7f763a76e8e0>, verb_name='build', verb_parser=<colcon_defaults.argument_parser.defaults.DefaultArgumentsDecorator object at 0x7f763a76ee50>)
[1.892s] Level 1:colcon.colcon_core.package_discovery:discover_packages(colcon_meta) check parameters
[1.892s] Level 1:colcon.colcon_core.package_discovery:discover_packages(recursive) check parameters
[1.893s] Level 1:colcon.colcon_core.package_discovery:discover_packages(ignore) check parameters
[1.893s] Level 1:colcon.colcon_core.package_discovery:discover_packages(path) check parameters
[1.893s] Level 1:colcon.colcon_core.package_discovery:discover_packages(colcon_meta) discover
[1.893s] Level 1:colcon.colcon_core.package_discovery:discover_packages(recursive) discover
[1.893s] INFO:colcon.colcon_core.package_discovery:Crawling recursively for packages in '/home/kenan/practice1_ws'
[1.893s] Level 1:colcon.colcon_core.package_identification:_identify(.) by extensions ['ignore', 'ignore_ament_install']
[1.894s] Level 1:colcon.colcon_core.package_identification:_identify(.) by extension 'ignore'
[1.894s] Level 1:colcon.colcon_core.package_identification:_identify(.) by extension 'ignore_ament_install'
[1.894s] Level 1:colcon.colcon_core.package_identification:_identify(.) by extensions ['colcon_pkg']
[1.894s] Level 1:colcon.colcon_core.package_identification:_identify(.) by extension 'colcon_pkg'
[1.894s] Level 1:colcon.colcon_core.package_identification:_identify(.) by extensions ['colcon_meta']
[1.894s] Level 1:colcon.colcon_core.package_identification:_identify(.) by extension 'colcon_meta'
[1.894s] Level 1:colcon.colcon_core.package_identification:_identify(.) by extensions ['ros']
[1.895s] Level 1:colcon.colcon_core.package_identification:_identify(.) by extension 'ros'
[1.922s] Level 1:colcon.colcon_core.package_identification:_identify(.) by extensions ['cmake', 'python']
[1.923s] Level 1:colcon.colcon_core.package_identification:_identify(.) by extension 'cmake'
[1.923s] Level 1:colcon.colcon_core.package_identification:_identify(.) by extension 'python'
[1.923s] Level 1:colcon.colcon_core.package_identification:_identify(.) by extensions ['python_setup_py']
[1.923s] Level 1:colcon.colcon_core.package_identification:_identify(.) by extension 'python_setup_py'
[1.923s] Level 1:colcon.colcon_core.package_identification:_identify(build) by extensions ['ignore', 'ignore_ament_install']
[1.923s] Level 1:colcon.colcon_core.package_identification:_identify(build) by extension 'ignore'
[1.923s] Level 1:colcon.colcon_core.package_identification:_identify(build) ignored
[1.923s] Level 1:colcon.colcon_core.package_identification:_identify(install) by extensions ['ignore', 'ignore_ament_install']
[1.924s] Level 1:colcon.colcon_core.package_identification:_identify(install) by extension 'ignore'
[1.924s] Level 1:colcon.colcon_core.package_identification:_identify(install) ignored
[1.924s] Level 1:colcon.colcon_core.package_identification:_identify(log) by extensions ['ignore', 'ignore_ament_install']
[1.924s] Level 1:colcon.colcon_core.package_identification:_identify(log) by extension 'ignore'
[1.924s] Level 1:colcon.colcon_core.package_identification:_identify(log) ignored
[1.924s] Level 1:colcon.colcon_core.package_identification:_identify(publisher_py) by extensions ['ignore', 'ignore_ament_install']
[1.924s] Level 1:colcon.colcon_core.package_identification:_identify(publisher_py) by extension 'ignore'
[1.924s] Level 1:colcon.colcon_core.package_identification:_identify(publisher_py) by extension 'ignore_ament_install'
[1.925s] Level 1:colcon.colcon_core.package_identification:_identify(publisher_py) by extensions ['colcon_pkg']
[1.925s] Level 1:colcon.colcon_core.package_identification:_identify(publisher_py) by extension 'colcon_pkg'
[1.925s] Level 1:colcon.colcon_core.package_identification:_identify(publisher_py) by extensions ['colcon_meta']
[1.925s] Level 1:colcon.colcon_core.package_identification:_identify(publisher_py) by extension 'colcon_meta'
[1.925s] Level 1:colcon.colcon_core.package_identification:_identify(publisher_py) by extensions ['ros']
[1.925s] Level 1:colcon.colcon_core.package_identification:_identify(publisher_py) by extension 'ros'
[1.961s] DEBUG:colcon.colcon_core.package_identification:Package 'publisher_py' with type 'ros.ament_python' and name 'publisher_py'
[1.961s] Level 1:colcon.colcon_core.package_discovery:discover_packages(recursive) using defaults
[1.961s] Level 1:colcon.colcon_core.package_discovery:discover_packages(ignore) discover
[1.961s] Level 1:colcon.colcon_core.package_discovery:discover_packages(ignore) using defaults
[1.961s] Level 1:colcon.colcon_core.package_discovery:discover_packages(path) discover
[1.961s] Level 1:colcon.colcon_core.package_discovery:discover_packages(path) using defaults
[2.125s] Level 5:colcon.colcon_core.verb:set package 'publisher_py' build argument 'cmake_args' from command line to 'None'
[2.126s] Level 5:colcon.colcon_core.verb:set package 'publisher_py' build argument 'cmake_target' from command line to 'None'
[2.126s] Level 5:colcon.colcon_core.verb:set package 'publisher_py' build argument 'cmake_target_skip_unavailable' from command line to 'False'
[2.126s] Level 5:colcon.colcon_core.verb:set package 'publisher_py' build argument 'cmake_clean_cache' from command line to 'False'
[2.126s] Level 5:colcon.colcon_core.verb:set package 'publisher_py' build argument 'cmake_clean_first' from command line to 'False'
[2.126s] Level 5:colcon.colcon_core.verb:set package 'publisher_py' build argument 'cmake_force_configure' from command line to 'False'
[2.126s] Level 5:colcon.colcon_core.verb:set package 'publisher_py' build argument 'ament_cmake_args' from command line to 'None'
[2.126s] Level 5:colcon.colcon_core.verb:set package 'publisher_py' build argument 'catkin_cmake_args' from command line to 'None'
[2.126s] Level 5:colcon.colcon_core.verb:set package 'publisher_py' build argument 'catkin_skip_building_tests' from command line to 'False'
[2.126s] DEBUG:colcon.colcon_core.verb:Building package 'publisher_py' with the following arguments: {'ament_cmake_args': None, 'build_base': '/home/kenan/practice1_ws/build/publisher_py', 'catkin_cmake_args': None, 'catkin_skip_building_tests': False, 'cmake_args': None, 'cmake_clean_cache': False, 'cmake_clean_first': False, 'cmake_force_configure': False, 'cmake_target': None, 'cmake_target_skip_unavailable': False, 'install_base': '/home/kenan/practice1_ws/install/publisher_py', 'merge_install': False, 'path': '/home/kenan/practice1_ws/publisher_py', 'symlink_install': False, 'test_result_base': None}
[2.164s] INFO:colcon.colcon_core.executor:Executing jobs using 'parallel' executor
[2.170s] DEBUG:colcon.colcon_parallel_executor.executor.parallel:run_until_complete
[2.171s] INFO:colcon.colcon_ros.task.ament_python.build:Building ROS package in '/home/kenan/practice1_ws/publisher_py' with build type 'ament_python'
[2.172s] Level 1:colcon.colcon_core.shell:create_environment_hook('publisher_py', 'ament_prefix_path')
[2.239s] INFO:colcon.colcon_core.plugin_system:Skipping extension 'colcon_core.shell.bat': Not used on non-Windows systems
[2.239s] INFO:colcon.colcon_core.shell:Creating environment hook '/home/kenan/practice1_ws/install/publisher_py/share/publisher_py/hook/ament_prefix_path.ps1'
[2.249s] INFO:colcon.colcon_core.shell:Creating environment descriptor '/home/kenan/practice1_ws/install/publisher_py/share/publisher_py/hook/ament_prefix_path.dsv'
[2.264s] INFO:colcon.colcon_core.shell:Creating environment hook '/home/kenan/practice1_ws/install/publisher_py/share/publisher_py/hook/ament_prefix_path.sh'
[2.268s] INFO:colcon.colcon_core.shell:Skip shell extension 'powershell' for command environment: Not usable outside of PowerShell
[2.269s] DEBUG:colcon.colcon_core.shell:Skip shell extension 'dsv' for command environment
[2.517s] INFO:colcon.colcon_core.task.python.build:Building Python package in '/home/kenan/practice1_ws/publisher_py'
[2.517s] INFO:colcon.colcon_core.shell:Skip shell extension 'powershell' for command environment: Not usable outside of PowerShell
[2.517s] DEBUG:colcon.colcon_core.shell:Skip shell extension 'dsv' for command environment
[4.361s] DEBUG:colcon.colcon_core.event_handler.log_command:Invoking command in '/home/kenan/practice1_ws/publisher_py': PYTHONPATH=/home/kenan/practice1_ws/install/publisher_py/lib/python3.8/site-packages:${PYTHONPATH} /usr/bin/python3 setup.py egg_info --egg-base ../build/publisher_py build --build-base /home/kenan/practice1_ws/build/publisher_py/build install --prefix /home/kenan/practice1_ws/install/publisher_py --record /home/kenan/practice1_ws/build/publisher_py/install.log --single-version-externally-managed
[4.681s] DEBUG:colcon.colcon_core.event_handler.log_command:Invoked command in '/home/kenan/practice1_ws/publisher_py' returned '0': PYTHONPATH=/home/kenan/practice1_ws/install/publisher_py/lib/python3.8/site-packages:${PYTHONPATH} /usr/bin/python3 setup.py egg_info --egg-base ../build/publisher_py build --build-base /home/kenan/practice1_ws/build/publisher_py/build install --prefix /home/kenan/practice1_ws/install/publisher_py --record /home/kenan/practice1_ws/build/publisher_py/install.log --single-version-externally-managed
[4.769s] Level 1:colcon.colcon_core.environment:checking '/home/kenan/practice1_ws/install/publisher_py' for CMake module files
[4.771s] Level 1:colcon.colcon_core.environment:checking '/home/kenan/practice1_ws/install/publisher_py' for CMake config files
[4.773s] Level 1:colcon.colcon_core.environment:checking '/home/kenan/practice1_ws/install/publisher_py/lib'
[4.774s] Level 1:colcon.colcon_core.environment:checking '/home/kenan/practice1_ws/install/publisher_py/bin'
[4.774s] Level 1:colcon.colcon_core.environment:checking '/home/kenan/practice1_ws/install/publisher_py/lib/pkgconfig/publisher_py.pc'
[4.774s] Level 1:colcon.colcon_core.environment:checking '/home/kenan/practice1_ws/install/publisher_py/lib/python3.8/site-packages'
[4.774s] Level 1:colcon.colcon_core.shell:create_environment_hook('publisher_py', 'pythonpath')
[4.776s] INFO:colcon.colcon_core.shell:Creating environment hook '/home/kenan/practice1_ws/install/publisher_py/share/publisher_py/hook/pythonpath.ps1'
[4.778s] INFO:colcon.colcon_core.shell:Creating environment descriptor '/home/kenan/practice1_ws/install/publisher_py/share/publisher_py/hook/pythonpath.dsv'
[4.779s] INFO:colcon.colcon_core.shell:Creating environment hook '/home/kenan/practice1_ws/install/publisher_py/share/publisher_py/hook/pythonpath.sh'
[4.780s] Level 1:colcon.colcon_core.environment:create_environment_scripts_only(publisher_py)
[4.782s] INFO:colcon.colcon_core.shell:Creating package script '/home/kenan/practice1_ws/install/publisher_py/share/publisher_py/package.ps1'
[4.792s] INFO:colcon.colcon_core.shell:Creating package descriptor '/home/kenan/practice1_ws/install/publisher_py/share/publisher_py/package.dsv'
[4.808s] INFO:colcon.colcon_core.shell:Creating package script '/home/kenan/practice1_ws/install/publisher_py/share/publisher_py/package.sh'
[4.811s] INFO:colcon.colcon_core.shell:Creating package script '/home/kenan/practice1_ws/install/publisher_py/share/publisher_py/package.bash'
[4.828s] INFO:colcon.colcon_core.shell:Creating package script '/home/kenan/practice1_ws/install/publisher_py/share/publisher_py/package.zsh'
[4.842s] Level 1:colcon.colcon_core.environment:create_file_with_runtime_dependencies(/home/kenan/practice1_ws/install/publisher_py/share/colcon-core/packages/publisher_py)
[4.843s] DEBUG:colcon.colcon_parallel_executor.executor.parallel:closing loop
[4.844s] DEBUG:colcon.colcon_parallel_executor.executor.parallel:loop closed
[4.845s] DEBUG:colcon.colcon_parallel_executor.executor.parallel:run_until_complete finished with '0'
[4.845s] DEBUG:colcon.colcon_core.event_reactor:joining thread
[4.896s] INFO:colcon.colcon_core.plugin_system:Skipping extension 'colcon_notification.desktop_notification.terminal_notifier': Not used on non-Darwin systems
[4.896s] INFO:colcon.colcon_core.plugin_system:Skipping extension 'colcon_notification.desktop_notification.win32': Not used on non-Windows systems
[4.897s] INFO:colcon.colcon_notification.desktop_notification:Sending desktop notification using 'notify2'
[4.951s] DEBUG:colcon.colcon_core.event_reactor:joined thread
[4.952s] INFO:colcon.colcon_core.shell:Creating prefix script '/home/kenan/practice1_ws/install/local_setup.ps1'
[4.957s] INFO:colcon.colcon_core.shell:Creating prefix util module '/home/kenan/practice1_ws/install/_local_setup_util_ps1.py'
[4.959s] INFO:colcon.colcon_core.shell:Creating prefix chain script '/home/kenan/practice1_ws/install/setup.ps1'
[4.961s] INFO:colcon.colcon_core.shell:Creating prefix script '/home/kenan/practice1_ws/install/local_setup.sh'
[4.961s] INFO:colcon.colcon_core.shell:Creating prefix util module '/home/kenan/practice1_ws/install/_local_setup_util_sh.py'
[4.962s] INFO:colcon.colcon_core.shell:Creating prefix chain script '/home/kenan/practice1_ws/install/setup.sh'
[4.964s] INFO:colcon.colcon_core.shell:Creating prefix script '/home/kenan/practice1_ws/install/local_setup.bash'
[4.965s] INFO:colcon.colcon_core.shell:Creating prefix chain script '/home/kenan/practice1_ws/install/setup.bash'
[4.967s] INFO:colcon.colcon_core.shell:Creating prefix script '/home/kenan/practice1_ws/install/local_setup.zsh'
[4.967s] INFO:colcon.colcon_core.shell:Creating prefix chain script '/home/kenan/practice1_ws/install/setup.zsh'
