[0.829s] Invoking command in '/home/kenan/practice1_ws/src/py_pysub': PYTHONPATH=/home/kenan/practice1_ws/install/py_pysub/lib/python3.8/site-packages:${PYTHONPATH} /usr/bin/python3 setup.py egg_info --egg-base ../../build/py_pysub build --build-base /home/kenan/practice1_ws/build/py_pysub/build install --prefix /home/kenan/practice1_ws/install/py_pysub --record /home/kenan/practice1_ws/build/py_pysub/install.log --single-version-externally-managed
[1.019s] running egg_info
[1.020s] writing ../../build/py_pysub/py_pysub.egg-info/PKG-INFO
[1.020s] writing dependency_links to ../../build/py_pysub/py_pysub.egg-info/dependency_links.txt
[1.020s] writing entry points to ../../build/py_pysub/py_pysub.egg-info/entry_points.txt
[1.021s] writing requirements to ../../build/py_pysub/py_pysub.egg-info/requires.txt
[1.021s] writing top-level names to ../../build/py_pysub/py_pysub.egg-info/top_level.txt
[1.075s] reading manifest file '../../build/py_pysub/py_pysub.egg-info/SOURCES.txt'
[1.082s] writing manifest file '../../build/py_pysub/py_pysub.egg-info/SOURCES.txt'
[1.082s] running build
[1.082s] running build_py
[1.082s] copying py_pysub/subscriber_member_function.py -> /home/kenan/practice1_ws/build/py_pysub/build/lib/py_pysub
[1.086s] running install
[1.087s] running install_lib
[1.088s] copying /home/kenan/practice1_ws/build/py_pysub/build/lib/py_pysub/subscriber_member_function.py -> /home/kenan/practice1_ws/install/py_pysub/lib/python3.8/site-packages/py_pysub
[1.097s] byte-compiling /home/kenan/practice1_ws/install/py_pysub/lib/python3.8/site-packages/py_pysub/subscriber_member_function.py to subscriber_member_function.cpython-38.pyc
[1.099s] running install_data
[1.099s] running install_egg_info
[1.100s] removing '/home/kenan/practice1_ws/install/py_pysub/lib/python3.8/site-packages/py_pysub-0.0.0-py3.8.egg-info' (and everything under it)
[1.100s] error removing /home/kenan/practice1_ws/install/py_pysub/lib/python3.8/site-packages/py_pysub-0.0.0-py3.8.egg-info: [Errno 13] Permission denied: '/home/kenan/practice1_ws/install/py_pysub/lib/python3.8/site-packages/py_pysub-0.0.0-py3.8.egg-info/dependency_links.txt'
[1.100s] error removing /home/kenan/practice1_ws/install/py_pysub/lib/python3.8/site-packages/py_pysub-0.0.0-py3.8.egg-info: [Errno 13] Permission denied: '/home/kenan/practice1_ws/install/py_pysub/lib/python3.8/site-packages/py_pysub-0.0.0-py3.8.egg-info/SOURCES.txt'
[1.100s] error removing /home/kenan/practice1_ws/install/py_pysub/lib/python3.8/site-packages/py_pysub-0.0.0-py3.8.egg-info: [Errno 13] Permission denied: '/home/kenan/practice1_ws/install/py_pysub/lib/python3.8/site-packages/py_pysub-0.0.0-py3.8.egg-info/entry_points.txt'
[1.101s] error removing /home/kenan/practice1_ws/install/py_pysub/lib/python3.8/site-packages/py_pysub-0.0.0-py3.8.egg-info: [Errno 13] Permission denied: '/home/kenan/practice1_ws/install/py_pysub/lib/python3.8/site-packages/py_pysub-0.0.0-py3.8.egg-info/top_level.txt'
[1.101s] error removing /home/kenan/practice1_ws/install/py_pysub/lib/python3.8/site-packages/py_pysub-0.0.0-py3.8.egg-info: [Errno 13] Permission denied: '/home/kenan/practice1_ws/install/py_pysub/lib/python3.8/site-packages/py_pysub-0.0.0-py3.8.egg-info/zip-safe'
[1.101s] error removing /home/kenan/practice1_ws/install/py_pysub/lib/python3.8/site-packages/py_pysub-0.0.0-py3.8.egg-info: [Errno 13] Permission denied: '/home/kenan/practice1_ws/install/py_pysub/lib/python3.8/site-packages/py_pysub-0.0.0-py3.8.egg-info/requires.txt'
[1.101s] error removing /home/kenan/practice1_ws/install/py_pysub/lib/python3.8/site-packages/py_pysub-0.0.0-py3.8.egg-info: [Errno 13] Permission denied: '/home/kenan/practice1_ws/install/py_pysub/lib/python3.8/site-packages/py_pysub-0.0.0-py3.8.egg-info/PKG-INFO'
[1.101s] error removing /home/kenan/practice1_ws/install/py_pysub/lib/python3.8/site-packages/py_pysub-0.0.0-py3.8.egg-info: [Errno 39] Directory not empty: '/home/kenan/practice1_ws/install/py_pysub/lib/python3.8/site-packages/py_pysub-0.0.0-py3.8.egg-info'
[1.101s] Copying ../../build/py_pysub/py_pysub.egg-info to /home/kenan/practice1_ws/install/py_pysub/lib/python3.8/site-packages/py_pysub-0.0.0-py3.8.egg-info
[1.101s] error: [Errno 13] Permission denied: '/home/kenan/practice1_ws/install/py_pysub/lib/python3.8/site-packages/py_pysub-0.0.0-py3.8.egg-info/dependency_links.txt'
[1.120s] Invoked command in '/home/kenan/practice1_ws/src/py_pysub' returned '1': PYTHONPATH=/home/kenan/practice1_ws/install/py_pysub/lib/python3.8/site-packages:${PYTHONPATH} /usr/bin/python3 setup.py egg_info --egg-base ../../build/py_pysub build --build-base /home/kenan/practice1_ws/build/py_pysub/build install --prefix /home/kenan/practice1_ws/install/py_pysub --record /home/kenan/practice1_ws/build/py_pysub/install.log --single-version-externally-managed
