[0.752s] Invoking command in '/home/kenan/practice1_ws/src/publisher_python': PYTHONPATH=/home/kenan/practice1_ws/install/publisher_python/lib/python3.8/site-packages:${PYTHONPATH} /usr/bin/python3 setup.py egg_info --egg-base ../../build/publisher_python build --build-base /home/kenan/practice1_ws/build/publisher_python/build install --prefix /home/kenan/practice1_ws/install/publisher_python --record /home/kenan/practice1_ws/build/publisher_python/install.log --single-version-externally-managed
[0.932s] running egg_info
[0.932s] writing ../../build/publisher_python/publisher_python.egg-info/PKG-INFO
[0.932s] writing dependency_links to ../../build/publisher_python/publisher_python.egg-info/dependency_links.txt
[0.933s] writing entry points to ../../build/publisher_python/publisher_python.egg-info/entry_points.txt
[0.933s] writing requirements to ../../build/publisher_python/publisher_python.egg-info/requires.txt
[0.933s] writing top-level names to ../../build/publisher_python/publisher_python.egg-info/top_level.txt
[0.961s] reading manifest file '../../build/publisher_python/publisher_python.egg-info/SOURCES.txt'
[0.983s] writing manifest file '../../build/publisher_python/publisher_python.egg-info/SOURCES.txt'
[0.983s] running build
[0.983s] running build_py
[0.983s] copying publisher_python/subscriber.py -> /home/kenan/practice1_ws/build/publisher_python/build/lib/publisher_python
[0.983s] copying publisher_python/publisher.py -> /home/kenan/practice1_ws/build/publisher_python/build/lib/publisher_python
[0.984s] running install
[0.984s] running install_lib
[0.985s] copying /home/kenan/practice1_ws/build/publisher_python/build/lib/publisher_python/subscriber.py -> /home/kenan/practice1_ws/install/publisher_python/lib/python3.8/site-packages/publisher_python
[0.985s] copying /home/kenan/practice1_ws/build/publisher_python/build/lib/publisher_python/publisher.py -> /home/kenan/practice1_ws/install/publisher_python/lib/python3.8/site-packages/publisher_python
[0.985s] byte-compiling /home/kenan/practice1_ws/install/publisher_python/lib/python3.8/site-packages/publisher_python/subscriber.py to subscriber.cpython-38.pyc
[0.987s] byte-compiling /home/kenan/practice1_ws/install/publisher_python/lib/python3.8/site-packages/publisher_python/publisher.py to publisher.cpython-38.pyc
[0.987s] running install_data
[0.988s] running install_egg_info
[0.989s] removing '/home/kenan/practice1_ws/install/publisher_python/lib/python3.8/site-packages/publisher_python-0.0.0-py3.8.egg-info' (and everything under it)
[0.989s] Copying ../../build/publisher_python/publisher_python.egg-info to /home/kenan/practice1_ws/install/publisher_python/lib/python3.8/site-packages/publisher_python-0.0.0-py3.8.egg-info
[1.002s] running install_scripts
[1.017s] Installing listener script to /home/kenan/practice1_ws/install/publisher_python/lib/publisher-python
[1.017s] Installing talker script to /home/kenan/practice1_ws/install/publisher_python/lib/publisher-python
[1.017s] writing list of installed files to '/home/kenan/practice1_ws/build/publisher_python/install.log'
