[0.518s] Invoking command in '/home/kenan/practice1_ws/src/py_pysub': PYTHONPATH=/home/kenan/practice1_ws/install/py_pysub/lib/python3.8/site-packages:${PYTHONPATH} /usr/bin/python3 setup.py egg_info --egg-base ../../build/py_pysub build --build-base /home/kenan/practice1_ws/build/py_pysub/build install --prefix /home/kenan/practice1_ws/install/py_pysub --record /home/kenan/practice1_ws/build/py_pysub/install.log --single-version-externally-managed
[0.702s] running egg_info
[0.702s] writing ../../build/py_pysub/py_pysub.egg-info/PKG-INFO
[0.702s] writing dependency_links to ../../build/py_pysub/py_pysub.egg-info/dependency_links.txt
[0.702s] writing entry points to ../../build/py_pysub/py_pysub.egg-info/entry_points.txt
[0.703s] writing requirements to ../../build/py_pysub/py_pysub.egg-info/requires.txt
[0.703s] writing top-level names to ../../build/py_pysub/py_pysub.egg-info/top_level.txt
[0.731s] reading manifest file '../../build/py_pysub/py_pysub.egg-info/SOURCES.txt'
[0.732s] writing manifest file '../../build/py_pysub/py_pysub.egg-info/SOURCES.txt'
[0.732s] running build
[0.732s] running build_py
[0.732s] running install
[0.733s] running install_lib
[0.734s] running install_data
[0.734s] running install_egg_info
[0.735s] removing '/home/kenan/practice1_ws/install/py_pysub/lib/python3.8/site-packages/py_pysub-0.0.0-py3.8.egg-info' (and everything under it)
[0.735s] Copying ../../build/py_pysub/py_pysub.egg-info to /home/kenan/practice1_ws/install/py_pysub/lib/python3.8/site-packages/py_pysub-0.0.0-py3.8.egg-info
[0.736s] running install_scripts
[0.750s] Installing commander script to /home/kenan/practice1_ws/install/py_pysub/lib/py_pysub
[0.750s] error: [Errno 13] Permission denied: '/home/kenan/practice1_ws/install/py_pysub/lib/py_pysub/commander'
[0.765s] Invoked command in '/home/kenan/practice1_ws/src/py_pysub' returned '1': PYTHONPATH=/home/kenan/practice1_ws/install/py_pysub/lib/python3.8/site-packages:${PYTHONPATH} /usr/bin/python3 setup.py egg_info --egg-base ../../build/py_pysub build --build-base /home/kenan/practice1_ws/build/py_pysub/build install --prefix /home/kenan/practice1_ws/install/py_pysub --record /home/kenan/practice1_ws/build/py_pysub/install.log --single-version-externally-managed
