[0.529s] Invoking command in '/home/kenan/practice1_ws/src/py_pysub': PYTHONPATH=/home/kenan/practice1_ws/install/py_pysub/lib/python3.8/site-packages:${PYTHONPATH} /usr/bin/python3 setup.py egg_info --egg-base ../../build/py_pysub build --build-base /home/kenan/practice1_ws/build/py_pysub/build install --prefix /home/kenan/practice1_ws/install/py_pysub --record /home/kenan/practice1_ws/build/py_pysub/install.log --single-version-externally-managed
[0.720s] running egg_info
[0.720s] writing ../../build/py_pysub/py_pysub.egg-info/PKG-INFO
[0.721s] writing dependency_links to ../../build/py_pysub/py_pysub.egg-info/dependency_links.txt
[0.721s] writing entry points to ../../build/py_pysub/py_pysub.egg-info/entry_points.txt
[0.721s] writing requirements to ../../build/py_pysub/py_pysub.egg-info/requires.txt
[0.721s] writing top-level names to ../../build/py_pysub/py_pysub.egg-info/top_level.txt
[0.750s] reading manifest file '../../build/py_pysub/py_pysub.egg-info/SOURCES.txt'
[0.750s] writing manifest file '../../build/py_pysub/py_pysub.egg-info/SOURCES.txt'
[0.751s] running build
[0.751s] running build_py
[0.751s] copying py_pysub/publisher_member_function.py -> /home/kenan/practice1_ws/build/py_pysub/build/lib/py_pysub
[0.751s] running install
[0.751s] running install_lib
[0.752s] copying /home/kenan/practice1_ws/build/py_pysub/build/lib/py_pysub/publisher_member_function.py -> /home/kenan/practice1_ws/install/py_pysub/lib/python3.8/site-packages/py_pysub
[0.752s] byte-compiling /home/kenan/practice1_ws/install/py_pysub/lib/python3.8/site-packages/py_pysub/publisher_member_function.py to publisher_member_function.cpython-38.pyc
[0.754s] running install_data
[0.754s] running install_egg_info
[0.755s] removing '/home/kenan/practice1_ws/install/py_pysub/lib/python3.8/site-packages/py_pysub-0.0.0-py3.8.egg-info' (and everything under it)
[0.756s] Copying ../../build/py_pysub/py_pysub.egg-info to /home/kenan/practice1_ws/install/py_pysub/lib/python3.8/site-packages/py_pysub-0.0.0-py3.8.egg-info
[0.756s] running install_scripts
[0.770s] Installing listener script to /home/kenan/practice1_ws/install/py_pysub/lib/py_pysub
[0.771s] Installing talker script to /home/kenan/practice1_ws/install/py_pysub/lib/py_pysub
[0.771s] writing list of installed files to '/home/kenan/practice1_ws/build/py_pysub/install.log'
[0.789s] Invoked command in '/home/kenan/practice1_ws/src/py_pysub' returned '0': PYTHONPATH=/home/kenan/practice1_ws/install/py_pysub/lib/python3.8/site-packages:${PYTHONPATH} /usr/bin/python3 setup.py egg_info --egg-base ../../build/py_pysub build --build-base /home/kenan/practice1_ws/build/py_pysub/build install --prefix /home/kenan/practice1_ws/install/py_pysub --record /home/kenan/practice1_ws/build/py_pysub/install.log --single-version-externally-managed
